<?xml version="1.0" encoding="UTF-8"?>
<testng-results ignored="0" total="150" passed="148" failed="2" skipped="0">
  <reporter-output>
  </reporter-output>
  <suite started-at="2024-02-27T15:29:46 EST" name="Suite" finished-at="2024-02-27T15:33:16 EST" duration-ms="210188">
    <groups>
      <group name="cucumber">
        <method signature="AbstractTestNGCucumberTests.runScenario(io.cucumber.testng.PickleWrapper,io.cucumber.testng.FeatureWrapper)[pri:0, instance:runner.CucumberRunner@10b892d5]" name="runScenario" class="io.cucumber.testng.AbstractTestNGCucumberTests"/>
        <method signature="AbstractTestNGCucumberTests.runScenario(io.cucumber.testng.PickleWrapper,io.cucumber.testng.FeatureWrapper)[pri:0, instance:runner.CucumberRunner@3277e499]" name="runScenario" class="io.cucumber.testng.AbstractTestNGCucumberTests"/>
      </group> <!-- cucumber -->
    </groups>
    <test started-at="2024-02-27T15:29:46 EST" name="Chrome Test" finished-at="2024-02-27T15:31:24 EST" duration-ms="98236">
      <class name="runner.CucumberRunner">
        <test-method is-config="true" signature="setUpClass(org.testng.ITestContext)[pri:0, instance:runner.CucumberRunner@10b892d5]" started-at="2024-02-27T15:29:46 EST" name="setUpClass" finished-at="2024-02-27T15:29:46 EST" duration-ms="466" status="PASS">
          <params>
            <param index="0">
              <value>
                <![CDATA[org.testng.TestRunner@15ac59c2]]>
              </value>
            </param>
          </params>
          <reporter-output>
          </reporter-output>
        </test-method> <!-- setUpClass -->
        <test-method is-config="true" signature="defineBrowser(java.lang.String)[pri:0, instance:runner.CucumberRunner@10b892d5]" started-at="2024-02-27T15:29:46 EST" name="defineBrowser" finished-at="2024-02-27T15:29:46 EST" duration-ms="3" status="PASS">
          <params>
            <param index="0">
              <value>
                <![CDATA[Chrome]]>
              </value>
            </param>
          </params>
          <reporter-output>
          </reporter-output>
        </test-method> <!-- defineBrowser -->
        <test-method signature="runScenario(io.cucumber.testng.PickleWrapper,io.cucumber.testng.FeatureWrapper)[pri:0, instance:runner.CucumberRunner@10b892d5]" started-at="2024-02-27T15:29:46 EST" name="runScenario" description="Runs Cucumber Scenarios" data-provider="scenarios" finished-at="2024-02-27T15:30:11 EST" duration-ms="24032" status="PASS">
          <params>
            <param index="0">
              <value>
                <![CDATA["To validate if user successfully running the python code in all Array Pages"]]>
              </value>
            </param>
            <param index="1">
              <value>
                <![CDATA["Ds_algo project-Arrays functionality"]]>
              </value>
            </param>
          </params>
          <reporter-output>
          </reporter-output>
        </test-method> <!-- runScenario -->
        <test-method signature="runScenario(io.cucumber.testng.PickleWrapper,io.cucumber.testng.FeatureWrapper)[pri:0, instance:runner.CucumberRunner@10b892d5]" started-at="2024-02-27T15:29:46 EST" name="runScenario" description="Runs Cucumber Scenarios" data-provider="scenarios" finished-at="2024-02-27T15:30:10 EST" duration-ms="23267" status="PASS">
          <params>
            <param index="0">
              <value>
                <![CDATA["To validate if user successfully running the python code in all Array Pages"]]>
              </value>
            </param>
            <param index="1">
              <value>
                <![CDATA["Ds_algo project-Arrays functionality"]]>
              </value>
            </param>
          </params>
          <reporter-output>
          </reporter-output>
        </test-method> <!-- runScenario -->
        <test-method signature="runScenario(io.cucumber.testng.PickleWrapper,io.cucumber.testng.FeatureWrapper)[pri:0, instance:runner.CucumberRunner@10b892d5]" started-at="2024-02-27T15:29:46 EST" name="runScenario" description="Runs Cucumber Scenarios" data-provider="scenarios" finished-at="2024-02-27T15:30:10 EST" duration-ms="23622" status="PASS">
          <params>
            <param index="0">
              <value>
                <![CDATA["To validate if user successfully running the python code in all Array Pages"]]>
              </value>
            </param>
            <param index="1">
              <value>
                <![CDATA["Ds_algo project-Arrays functionality"]]>
              </value>
            </param>
          </params>
          <reporter-output>
          </reporter-output>
        </test-method> <!-- runScenario -->
        <test-method signature="runScenario(io.cucumber.testng.PickleWrapper,io.cucumber.testng.FeatureWrapper)[pri:0, instance:runner.CucumberRunner@10b892d5]" started-at="2024-02-27T15:29:46 EST" name="runScenario" description="Runs Cucumber Scenarios" data-provider="scenarios" finished-at="2024-02-27T15:30:12 EST" duration-ms="25775" status="PASS">
          <params>
            <param index="0">
              <value>
                <![CDATA["Search the array practice Question to practice Arrays"]]>
              </value>
            </param>
            <param index="1">
              <value>
                <![CDATA["Ds_algo project-Arrays functionality"]]>
              </value>
            </param>
          </params>
          <reporter-output>
          </reporter-output>
        </test-method> <!-- runScenario -->
        <test-method signature="runScenario(io.cucumber.testng.PickleWrapper,io.cucumber.testng.FeatureWrapper)[pri:0, instance:runner.CucumberRunner@10b892d5]" started-at="2024-02-27T15:29:46 EST" name="runScenario" description="Runs Cucumber Scenarios" data-provider="scenarios" finished-at="2024-02-27T15:30:10 EST" duration-ms="23362" status="PASS">
          <params>
            <param index="0">
              <value>
                <![CDATA["To validate if user successfully running the python code in all Array Pages"]]>
              </value>
            </param>
            <param index="1">
              <value>
                <![CDATA["Ds_algo project-Arrays functionality"]]>
              </value>
            </param>
          </params>
          <reporter-output>
          </reporter-output>
        </test-method> <!-- runScenario -->
        <test-method signature="runScenario(io.cucumber.testng.PickleWrapper,io.cucumber.testng.FeatureWrapper)[pri:0, instance:runner.CucumberRunner@10b892d5]" started-at="2024-02-27T15:29:46 EST" name="runScenario" description="Runs Cucumber Scenarios" data-provider="scenarios" finished-at="2024-02-27T15:30:09 EST" duration-ms="22957" status="PASS">
          <params>
            <param index="0">
              <value>
                <![CDATA["Search the Data Structures practice Question to practice Data Structures"]]>
              </value>
            </param>
            <param index="1">
              <value>
                <![CDATA["Ds_algo project-Data Structures functionality"]]>
              </value>
            </param>
          </params>
          <reporter-output>
          </reporter-output>
        </test-method> <!-- runScenario -->
        <test-method signature="runScenario(io.cucumber.testng.PickleWrapper,io.cucumber.testng.FeatureWrapper)[pri:0, instance:runner.CucumberRunner@10b892d5]" started-at="2024-02-27T15:29:46 EST" name="runScenario" description="Runs Cucumber Scenarios" data-provider="scenarios" finished-at="2024-02-27T15:30:10 EST" duration-ms="23622" status="PASS">
          <params>
            <param index="0">
              <value>
                <![CDATA["To validate if user successfully running the python code in all Array Pages"]]>
              </value>
            </param>
            <param index="1">
              <value>
                <![CDATA["Ds_algo project-Arrays functionality"]]>
              </value>
            </param>
          </params>
          <reporter-output>
          </reporter-output>
        </test-method> <!-- runScenario -->
        <test-method signature="runScenario(io.cucumber.testng.PickleWrapper,io.cucumber.testng.FeatureWrapper)[pri:0, instance:runner.CucumberRunner@10b892d5]" started-at="2024-02-27T15:29:46 EST" name="runScenario" description="Runs Cucumber Scenarios" data-provider="scenarios" finished-at="2024-02-27T15:30:10 EST" duration-ms="23894" status="PASS">
          <params>
            <param index="0">
              <value>
                <![CDATA["To validate if user successfully running the python code in all Array Pages"]]>
              </value>
            </param>
            <param index="1">
              <value>
                <![CDATA["Ds_algo project-Arrays functionality"]]>
              </value>
            </param>
          </params>
          <reporter-output>
          </reporter-output>
        </test-method> <!-- runScenario -->
        <test-method signature="runScenario(io.cucumber.testng.PickleWrapper,io.cucumber.testng.FeatureWrapper)[pri:0, instance:runner.CucumberRunner@10b892d5]" started-at="2024-02-27T15:29:46 EST" name="runScenario" description="Runs Cucumber Scenarios" data-provider="scenarios" finished-at="2024-02-27T15:30:11 EST" duration-ms="24191" status="PASS">
          <params>
            <param index="0">
              <value>
                <![CDATA["To validate if user successfully running the python code in all Array Pages"]]>
              </value>
            </param>
            <param index="1">
              <value>
                <![CDATA["Ds_algo project-Arrays functionality"]]>
              </value>
            </param>
          </params>
          <reporter-output>
          </reporter-output>
        </test-method> <!-- runScenario -->
        <test-method signature="runScenario(io.cucumber.testng.PickleWrapper,io.cucumber.testng.FeatureWrapper)[pri:0, instance:runner.CucumberRunner@10b892d5]" started-at="2024-02-27T15:29:46 EST" name="runScenario" description="Runs Cucumber Scenarios" data-provider="scenarios" finished-at="2024-02-27T15:30:09 EST" duration-ms="22957" status="PASS">
          <params>
            <param index="0">
              <value>
                <![CDATA["To validate if user successfully running the python code in all Array Pages"]]>
              </value>
            </param>
            <param index="1">
              <value>
                <![CDATA["Ds_algo project-Arrays functionality"]]>
              </value>
            </param>
          </params>
          <reporter-output>
          </reporter-output>
        </test-method> <!-- runScenario -->
        <test-method signature="runScenario(io.cucumber.testng.PickleWrapper,io.cucumber.testng.FeatureWrapper)[pri:0, instance:runner.CucumberRunner@10b892d5]" started-at="2024-02-27T15:30:09 EST" name="runScenario" description="Runs Cucumber Scenarios" data-provider="scenarios" finished-at="2024-02-27T15:30:24 EST" duration-ms="14526" status="PASS">
          <params>
            <param index="0">
              <value>
                <![CDATA["To validate if user successfully running the python code in all Data Structures Pages"]]>
              </value>
            </param>
            <param index="1">
              <value>
                <![CDATA["Ds_algo project-Data Structures functionality"]]>
              </value>
            </param>
          </params>
          <reporter-output>
          </reporter-output>
        </test-method> <!-- runScenario -->
        <test-method signature="runScenario(io.cucumber.testng.PickleWrapper,io.cucumber.testng.FeatureWrapper)[pri:0, instance:runner.CucumberRunner@10b892d5]" started-at="2024-02-27T15:30:09 EST" name="runScenario" description="Runs Cucumber Scenarios" data-provider="scenarios" finished-at="2024-02-27T15:30:24 EST" duration-ms="14342" status="PASS">
          <params>
            <param index="0">
              <value>
                <![CDATA["To validate if user successfully running the python code in all Data Structures Pages"]]>
              </value>
            </param>
            <param index="1">
              <value>
                <![CDATA["Ds_algo project-Data Structures functionality"]]>
              </value>
            </param>
          </params>
          <reporter-output>
          </reporter-output>
        </test-method> <!-- runScenario -->
        <test-method signature="runScenario(io.cucumber.testng.PickleWrapper,io.cucumber.testng.FeatureWrapper)[pri:0, instance:runner.CucumberRunner@10b892d5]" started-at="2024-02-27T15:30:10 EST" name="runScenario" description="Runs Cucumber Scenarios" data-provider="scenarios" finished-at="2024-02-27T15:30:22 EST" duration-ms="11936" status="PASS">
          <params>
            <param index="0">
              <value>
                <![CDATA["practice Question to practice Graph"]]>
              </value>
            </param>
            <param index="1">
              <value>
                <![CDATA["Ds_algo project-Graph functionality"]]>
              </value>
            </param>
          </params>
          <reporter-output>
          </reporter-output>
        </test-method> <!-- runScenario -->
        <test-method signature="runScenario(io.cucumber.testng.PickleWrapper,io.cucumber.testng.FeatureWrapper)[pri:0, instance:runner.CucumberRunner@10b892d5]" started-at="2024-02-27T15:30:10 EST" name="runScenario" description="Runs Cucumber Scenarios" data-provider="scenarios" finished-at="2024-02-27T15:30:24 EST" duration-ms="13990" status="PASS">
          <params>
            <param index="0">
              <value>
                <![CDATA["To validate if user successfully running the python code in all Graph Pages"]]>
              </value>
            </param>
            <param index="1">
              <value>
                <![CDATA["Ds_algo project-Graph functionality"]]>
              </value>
            </param>
          </params>
          <reporter-output>
          </reporter-output>
        </test-method> <!-- runScenario -->
        <test-method signature="runScenario(io.cucumber.testng.PickleWrapper,io.cucumber.testng.FeatureWrapper)[pri:0, instance:runner.CucumberRunner@10b892d5]" started-at="2024-02-27T15:30:10 EST" name="runScenario" description="Runs Cucumber Scenarios" data-provider="scenarios" finished-at="2024-02-27T15:30:24 EST" duration-ms="13870" status="PASS">
          <params>
            <param index="0">
              <value>
                <![CDATA["To validate if user successfully running the python code in all Graph Pages"]]>
              </value>
            </param>
            <param index="1">
              <value>
                <![CDATA["Ds_algo project-Graph functionality"]]>
              </value>
            </param>
          </params>
          <reporter-output>
          </reporter-output>
        </test-method> <!-- runScenario -->
        <test-method signature="runScenario(io.cucumber.testng.PickleWrapper,io.cucumber.testng.FeatureWrapper)[pri:0, instance:runner.CucumberRunner@10b892d5]" started-at="2024-02-27T15:30:10 EST" name="runScenario" description="Runs Cucumber Scenarios" data-provider="scenarios" finished-at="2024-02-27T15:30:24 EST" duration-ms="13843" status="PASS">
          <params>
            <param index="0">
              <value>
                <![CDATA["To validate if user successfully running the python code in all Graph Pages"]]>
              </value>
            </param>
            <param index="1">
              <value>
                <![CDATA["Ds_algo project-Graph functionality"]]>
              </value>
            </param>
          </params>
          <reporter-output>
          </reporter-output>
        </test-method> <!-- runScenario -->
        <test-method signature="runScenario(io.cucumber.testng.PickleWrapper,io.cucumber.testng.FeatureWrapper)[pri:0, instance:runner.CucumberRunner@10b892d5]" started-at="2024-02-27T15:30:10 EST" name="runScenario" description="Runs Cucumber Scenarios" data-provider="scenarios" finished-at="2024-02-27T15:30:24 EST" duration-ms="13476" status="PASS">
          <params>
            <param index="0">
              <value>
                <![CDATA["To validate if user successfully running the python code in all Graph Pages"]]>
              </value>
            </param>
            <param index="1">
              <value>
                <![CDATA["Ds_algo project-Graph functionality"]]>
              </value>
            </param>
          </params>
          <reporter-output>
          </reporter-output>
        </test-method> <!-- runScenario -->
        <test-method signature="runScenario(io.cucumber.testng.PickleWrapper,io.cucumber.testng.FeatureWrapper)[pri:0, instance:runner.CucumberRunner@10b892d5]" started-at="2024-02-27T15:30:11 EST" name="runScenario" description="Runs Cucumber Scenarios" data-provider="scenarios" finished-at="2024-02-27T15:30:19 EST" duration-ms="8020" status="PASS">
          <params>
            <param index="0">
              <value>
                <![CDATA["To check if Home page is successfully displayed"]]>
              </value>
            </param>
            <param index="1">
              <value>
                <![CDATA["Ds_algo project-Homepage"]]>
              </value>
            </param>
          </params>
          <reporter-output>
          </reporter-output>
        </test-method> <!-- runScenario -->
        <test-method signature="runScenario(io.cucumber.testng.PickleWrapper,io.cucumber.testng.FeatureWrapper)[pri:0, instance:runner.CucumberRunner@10b892d5]" started-at="2024-02-27T15:30:11 EST" name="runScenario" description="Runs Cucumber Scenarios" data-provider="scenarios" finished-at="2024-02-27T15:30:23 EST" duration-ms="12499" status="PASS">
          <params>
            <param index="0">
              <value>
                <![CDATA["Search the Linked List practice Question to practice Linked Lists"]]>
              </value>
            </param>
            <param index="1">
              <value>
                <![CDATA["Ds_algo project-Linked Lists functionality"]]>
              </value>
            </param>
          </params>
          <reporter-output>
          </reporter-output>
        </test-method> <!-- runScenario -->
        <test-method signature="runScenario(io.cucumber.testng.PickleWrapper,io.cucumber.testng.FeatureWrapper)[pri:0, instance:runner.CucumberRunner@10b892d5]" started-at="2024-02-27T15:30:12 EST" name="runScenario" description="Runs Cucumber Scenarios" data-provider="scenarios" finished-at="2024-02-27T15:30:24 EST" duration-ms="11716" status="PASS">
          <params>
            <param index="0">
              <value>
                <![CDATA["To validate if user successfully running the python code in all LinkedList Pages"]]>
              </value>
            </param>
            <param index="1">
              <value>
                <![CDATA["Ds_algo project-Linked Lists functionality"]]>
              </value>
            </param>
          </params>
          <reporter-output>
          </reporter-output>
        </test-method> <!-- runScenario -->
        <test-method signature="runScenario(io.cucumber.testng.PickleWrapper,io.cucumber.testng.FeatureWrapper)[pri:0, instance:runner.CucumberRunner@10b892d5]" started-at="2024-02-27T15:30:19 EST" name="runScenario" description="Runs Cucumber Scenarios" data-provider="scenarios" finished-at="2024-02-27T15:30:30 EST" duration-ms="11291" status="PASS">
          <params>
            <param index="0">
              <value>
                <![CDATA["To validate if user successfully running the python code in all LinkedList Pages"]]>
              </value>
            </param>
            <param index="1">
              <value>
                <![CDATA["Ds_algo project-Linked Lists functionality"]]>
              </value>
            </param>
          </params>
          <reporter-output>
          </reporter-output>
        </test-method> <!-- runScenario -->
        <test-method signature="runScenario(io.cucumber.testng.PickleWrapper,io.cucumber.testng.FeatureWrapper)[pri:0, instance:runner.CucumberRunner@10b892d5]" started-at="2024-02-27T15:30:22 EST" name="runScenario" description="Runs Cucumber Scenarios" data-provider="scenarios" finished-at="2024-02-27T15:30:35 EST" duration-ms="13065" status="PASS">
          <params>
            <param index="0">
              <value>
                <![CDATA["To validate if user successfully running the python code in all LinkedList Pages"]]>
              </value>
            </param>
            <param index="1">
              <value>
                <![CDATA["Ds_algo project-Linked Lists functionality"]]>
              </value>
            </param>
          </params>
          <reporter-output>
          </reporter-output>
        </test-method> <!-- runScenario -->
        <test-method signature="runScenario(io.cucumber.testng.PickleWrapper,io.cucumber.testng.FeatureWrapper)[pri:0, instance:runner.CucumberRunner@10b892d5]" started-at="2024-02-27T15:30:23 EST" name="runScenario" description="Runs Cucumber Scenarios" data-provider="scenarios" finished-at="2024-02-27T15:30:35 EST" duration-ms="11703" status="PASS">
          <params>
            <param index="0">
              <value>
                <![CDATA["To validate if user successfully running the python code in all LinkedList Pages"]]>
              </value>
            </param>
            <param index="1">
              <value>
                <![CDATA["Ds_algo project-Linked Lists functionality"]]>
              </value>
            </param>
          </params>
          <reporter-output>
          </reporter-output>
        </test-method> <!-- runScenario -->
        <test-method signature="runScenario(io.cucumber.testng.PickleWrapper,io.cucumber.testng.FeatureWrapper)[pri:0, instance:runner.CucumberRunner@10b892d5]" started-at="2024-02-27T15:30:24 EST" name="runScenario" description="Runs Cucumber Scenarios" data-provider="scenarios" finished-at="2024-02-27T15:30:35 EST" duration-ms="11496" status="PASS">
          <params>
            <param index="0">
              <value>
                <![CDATA["To validate if user successfully running the python code in all LinkedList Pages"]]>
              </value>
            </param>
            <param index="1">
              <value>
                <![CDATA["Ds_algo project-Linked Lists functionality"]]>
              </value>
            </param>
          </params>
          <reporter-output>
          </reporter-output>
        </test-method> <!-- runScenario -->
        <test-method signature="runScenario(io.cucumber.testng.PickleWrapper,io.cucumber.testng.FeatureWrapper)[pri:0, instance:runner.CucumberRunner@10b892d5]" started-at="2024-02-27T15:30:24 EST" name="runScenario" description="Runs Cucumber Scenarios" data-provider="scenarios" finished-at="2024-02-27T15:30:36 EST" duration-ms="12643" status="PASS">
          <params>
            <param index="0">
              <value>
                <![CDATA["To validate if user successfully running the python code in all LinkedList Pages"]]>
              </value>
            </param>
            <param index="1">
              <value>
                <![CDATA["Ds_algo project-Linked Lists functionality"]]>
              </value>
            </param>
          </params>
          <reporter-output>
          </reporter-output>
        </test-method> <!-- runScenario -->
        <test-method signature="runScenario(io.cucumber.testng.PickleWrapper,io.cucumber.testng.FeatureWrapper)[pri:0, instance:runner.CucumberRunner@10b892d5]" started-at="2024-02-27T15:30:24 EST" name="runScenario" description="Runs Cucumber Scenarios" data-provider="scenarios" finished-at="2024-02-27T15:30:35 EST" duration-ms="11191" status="PASS">
          <params>
            <param index="0">
              <value>
                <![CDATA["To validate if user successfully running the python code in all LinkedList Pages"]]>
              </value>
            </param>
            <param index="1">
              <value>
                <![CDATA["Ds_algo project-Linked Lists functionality"]]>
              </value>
            </param>
          </params>
          <reporter-output>
          </reporter-output>
        </test-method> <!-- runScenario -->
        <test-method signature="runScenario(io.cucumber.testng.PickleWrapper,io.cucumber.testng.FeatureWrapper)[pri:0, instance:runner.CucumberRunner@10b892d5]" started-at="2024-02-27T15:30:24 EST" name="runScenario" description="Runs Cucumber Scenarios" data-provider="scenarios" finished-at="2024-02-27T15:30:36 EST" duration-ms="11642" status="PASS">
          <params>
            <param index="0">
              <value>
                <![CDATA["To validate if user successfully running the python code in all LinkedList Pages"]]>
              </value>
            </param>
            <param index="1">
              <value>
                <![CDATA["Ds_algo project-Linked Lists functionality"]]>
              </value>
            </param>
          </params>
          <reporter-output>
          </reporter-output>
        </test-method> <!-- runScenario -->
        <test-method signature="runScenario(io.cucumber.testng.PickleWrapper,io.cucumber.testng.FeatureWrapper)[pri:0, instance:runner.CucumberRunner@10b892d5]" started-at="2024-02-27T15:30:24 EST" name="runScenario" description="Runs Cucumber Scenarios" data-provider="scenarios" finished-at="2024-02-27T15:30:37 EST" duration-ms="12560" status="PASS">
          <params>
            <param index="0">
              <value>
                <![CDATA["To validate if user successfully running the python code in all LinkedList Pages"]]>
              </value>
            </param>
            <param index="1">
              <value>
                <![CDATA["Ds_algo project-Linked Lists functionality"]]>
              </value>
            </param>
          </params>
          <reporter-output>
          </reporter-output>
        </test-method> <!-- runScenario -->
        <test-method signature="runScenario(io.cucumber.testng.PickleWrapper,io.cucumber.testng.FeatureWrapper)[pri:0, instance:runner.CucumberRunner@10b892d5]" started-at="2024-02-27T15:30:24 EST" name="runScenario" description="Runs Cucumber Scenarios" data-provider="scenarios" finished-at="2024-02-27T15:30:35 EST" duration-ms="11293" status="PASS">
          <params>
            <param index="0">
              <value>
                <![CDATA["To validate if user successfully running the python code in all LinkedList Pages"]]>
              </value>
            </param>
            <param index="1">
              <value>
                <![CDATA["Ds_algo project-Linked Lists functionality"]]>
              </value>
            </param>
          </params>
          <reporter-output>
          </reporter-output>
        </test-method> <!-- runScenario -->
        <test-method signature="runScenario(io.cucumber.testng.PickleWrapper,io.cucumber.testng.FeatureWrapper)[pri:0, instance:runner.CucumberRunner@10b892d5]" started-at="2024-02-27T15:30:24 EST" name="runScenario" description="Runs Cucumber Scenarios" data-provider="scenarios" finished-at="2024-02-27T15:30:36 EST" duration-ms="11855" status="PASS">
          <params>
            <param index="0">
              <value>
                <![CDATA["To validate if user successfully running the python code in all LinkedList Pages"]]>
              </value>
            </param>
            <param index="1">
              <value>
                <![CDATA["Ds_algo project-Linked Lists functionality"]]>
              </value>
            </param>
          </params>
          <reporter-output>
          </reporter-output>
        </test-method> <!-- runScenario -->
        <test-method signature="runScenario(io.cucumber.testng.PickleWrapper,io.cucumber.testng.FeatureWrapper)[pri:0, instance:runner.CucumberRunner@10b892d5]" started-at="2024-02-27T15:30:30 EST" name="runScenario" description="Runs Cucumber Scenarios" data-provider="scenarios" finished-at="2024-02-27T15:30:41 EST" duration-ms="11309" status="PASS">
          <params>
            <param index="0">
              <value>
                <![CDATA["To validate if user successfully running the python code in all LinkedList Pages"]]>
              </value>
            </param>
            <param index="1">
              <value>
                <![CDATA["Ds_algo project-Linked Lists functionality"]]>
              </value>
            </param>
          </params>
          <reporter-output>
          </reporter-output>
        </test-method> <!-- runScenario -->
        <test-method signature="runScenario(io.cucumber.testng.PickleWrapper,io.cucumber.testng.FeatureWrapper)[pri:0, instance:runner.CucumberRunner@10b892d5]" started-at="2024-02-27T15:30:35 EST" name="runScenario" description="Runs Cucumber Scenarios" data-provider="scenarios" finished-at="2024-02-27T15:30:44 EST" duration-ms="8767" status="PASS">
          <params>
            <param index="0">
              <value>
                <![CDATA["To validate if user successfully running the python code in all LinkedList Pages"]]>
              </value>
            </param>
            <param index="1">
              <value>
                <![CDATA["Ds_algo project-Linked Lists functionality"]]>
              </value>
            </param>
          </params>
          <reporter-output>
          </reporter-output>
        </test-method> <!-- runScenario -->
        <test-method signature="runScenario(io.cucumber.testng.PickleWrapper,io.cucumber.testng.FeatureWrapper)[pri:0, instance:runner.CucumberRunner@10b892d5]" started-at="2024-02-27T15:30:35 EST" name="runScenario" description="Runs Cucumber Scenarios" data-provider="scenarios" finished-at="2024-02-27T15:30:50 EST" duration-ms="15140" status="PASS">
          <params>
            <param index="0">
              <value>
                <![CDATA["To validate if user successfully running the python code in all LinkedList Pages"]]>
              </value>
            </param>
            <param index="1">
              <value>
                <![CDATA["Ds_algo project-Linked Lists functionality"]]>
              </value>
            </param>
          </params>
          <reporter-output>
          </reporter-output>
        </test-method> <!-- runScenario -->
        <test-method signature="runScenario(io.cucumber.testng.PickleWrapper,io.cucumber.testng.FeatureWrapper)[pri:0, instance:runner.CucumberRunner@10b892d5]" started-at="2024-02-27T15:30:35 EST" name="runScenario" description="Runs Cucumber Scenarios" data-provider="scenarios" finished-at="2024-02-27T15:30:45 EST" duration-ms="9918" status="PASS">
          <params>
            <param index="0">
              <value>
                <![CDATA["practice Question to practice Queue"]]>
              </value>
            </param>
            <param index="1">
              <value>
                <![CDATA["Ds_algo project-Queue functionality"]]>
              </value>
            </param>
          </params>
          <reporter-output>
          </reporter-output>
        </test-method> <!-- runScenario -->
        <test-method signature="runScenario(io.cucumber.testng.PickleWrapper,io.cucumber.testng.FeatureWrapper)[pri:0, instance:runner.CucumberRunner@10b892d5]" started-at="2024-02-27T15:30:35 EST" name="runScenario" description="Runs Cucumber Scenarios" data-provider="scenarios" finished-at="2024-02-27T15:30:45 EST" duration-ms="9931" status="PASS">
          <params>
            <param index="0">
              <value>
                <![CDATA["To validate if user successfully running the python code in Implementation of Queue in Python page"]]>
              </value>
            </param>
            <param index="1">
              <value>
                <![CDATA["Ds_algo project-Queue functionality"]]>
              </value>
            </param>
          </params>
          <reporter-output>
          </reporter-output>
        </test-method> <!-- runScenario -->
        <test-method signature="runScenario(io.cucumber.testng.PickleWrapper,io.cucumber.testng.FeatureWrapper)[pri:0, instance:runner.CucumberRunner@10b892d5]" started-at="2024-02-27T15:30:35 EST" name="runScenario" description="Runs Cucumber Scenarios" data-provider="scenarios" finished-at="2024-02-27T15:30:45 EST" duration-ms="9796" status="PASS">
          <params>
            <param index="0">
              <value>
                <![CDATA["To validate if user successfully running the python code in Implementation of Queue in Python page"]]>
              </value>
            </param>
            <param index="1">
              <value>
                <![CDATA["Ds_algo project-Queue functionality"]]>
              </value>
            </param>
          </params>
          <reporter-output>
          </reporter-output>
        </test-method> <!-- runScenario -->
        <test-method signature="runScenario(io.cucumber.testng.PickleWrapper,io.cucumber.testng.FeatureWrapper)[pri:0, instance:runner.CucumberRunner@10b892d5]" started-at="2024-02-27T15:30:36 EST" name="runScenario" description="Runs Cucumber Scenarios" data-provider="scenarios" finished-at="2024-02-27T15:30:45 EST" duration-ms="9293" status="PASS">
          <params>
            <param index="0">
              <value>
                <![CDATA["To validate if user successfully running the python code in Implementation of Queue in Python page"]]>
              </value>
            </param>
            <param index="1">
              <value>
                <![CDATA["Ds_algo project-Queue functionality"]]>
              </value>
            </param>
          </params>
          <reporter-output>
          </reporter-output>
        </test-method> <!-- runScenario -->
        <test-method signature="runScenario(io.cucumber.testng.PickleWrapper,io.cucumber.testng.FeatureWrapper)[pri:0, instance:runner.CucumberRunner@10b892d5]" started-at="2024-02-27T15:30:36 EST" name="runScenario" description="Runs Cucumber Scenarios" data-provider="scenarios" finished-at="2024-02-27T15:30:50 EST" duration-ms="14143" status="PASS">
          <params>
            <param index="0">
              <value>
                <![CDATA["To validate if user successfully running the python code in Implementation of Queue in Python page"]]>
              </value>
            </param>
            <param index="1">
              <value>
                <![CDATA["Ds_algo project-Queue functionality"]]>
              </value>
            </param>
          </params>
          <reporter-output>
          </reporter-output>
        </test-method> <!-- runScenario -->
        <test-method signature="runScenario(io.cucumber.testng.PickleWrapper,io.cucumber.testng.FeatureWrapper)[pri:0, instance:runner.CucumberRunner@10b892d5]" started-at="2024-02-27T15:30:36 EST" name="runScenario" description="Runs Cucumber Scenarios" data-provider="scenarios" finished-at="2024-02-27T15:30:50 EST" duration-ms="13465" status="PASS">
          <params>
            <param index="0">
              <value>
                <![CDATA["To validate if user successfully running the python code in Implementation of Queue in Python page"]]>
              </value>
            </param>
            <param index="1">
              <value>
                <![CDATA["Ds_algo project-Queue functionality"]]>
              </value>
            </param>
          </params>
          <reporter-output>
          </reporter-output>
        </test-method> <!-- runScenario -->
        <test-method signature="runScenario(io.cucumber.testng.PickleWrapper,io.cucumber.testng.FeatureWrapper)[pri:0, instance:runner.CucumberRunner@10b892d5]" started-at="2024-02-27T15:30:37 EST" name="runScenario" description="Runs Cucumber Scenarios" data-provider="scenarios" finished-at="2024-02-27T15:30:50 EST" duration-ms="13649" status="PASS">
          <params>
            <param index="0">
              <value>
                <![CDATA["To validate if user successfully running the python code in Implementation of Queue in Python page"]]>
              </value>
            </param>
            <param index="1">
              <value>
                <![CDATA["Ds_algo project-Queue functionality"]]>
              </value>
            </param>
          </params>
          <reporter-output>
          </reporter-output>
        </test-method> <!-- runScenario -->
        <test-method signature="runScenario(io.cucumber.testng.PickleWrapper,io.cucumber.testng.FeatureWrapper)[pri:0, instance:runner.CucumberRunner@10b892d5]" started-at="2024-02-27T15:30:41 EST" name="runScenario" description="Runs Cucumber Scenarios" data-provider="scenarios" finished-at="2024-02-27T15:30:53 EST" duration-ms="12053" status="PASS">
          <params>
            <param index="0">
              <value>
                <![CDATA["To validate if user successfully running the python code in Implementation of Queue in Python page"]]>
              </value>
            </param>
            <param index="1">
              <value>
                <![CDATA["Ds_algo project-Queue functionality"]]>
              </value>
            </param>
          </params>
          <reporter-output>
          </reporter-output>
        </test-method> <!-- runScenario -->
        <test-method signature="runScenario(io.cucumber.testng.PickleWrapper,io.cucumber.testng.FeatureWrapper)[pri:0, instance:runner.CucumberRunner@10b892d5]" started-at="2024-02-27T15:30:44 EST" name="runScenario" description="Runs Cucumber Scenarios" data-provider="scenarios" finished-at="2024-02-27T15:30:55 EST" duration-ms="11813" status="PASS">
          <params>
            <param index="0">
              <value>
                <![CDATA["To validate if user successfully running the python code in Implementation of Queue in Python page"]]>
              </value>
            </param>
            <param index="1">
              <value>
                <![CDATA["Ds_algo project-Queue functionality"]]>
              </value>
            </param>
          </params>
          <reporter-output>
          </reporter-output>
        </test-method> <!-- runScenario -->
        <test-method signature="runScenario(io.cucumber.testng.PickleWrapper,io.cucumber.testng.FeatureWrapper)[pri:0, instance:runner.CucumberRunner@10b892d5]" started-at="2024-02-27T15:30:45 EST" name="runScenario" description="Runs Cucumber Scenarios" data-provider="scenarios" finished-at="2024-02-27T15:30:51 EST" duration-ms="5826" status="PASS">
          <params>
            <param index="0">
              <value>
                <![CDATA["To validate if  the newuser is successfully Register."]]>
              </value>
            </param>
            <param index="1">
              <value>
                <![CDATA["Registration Functionality"]]>
              </value>
            </param>
          </params>
          <reporter-output>
          </reporter-output>
        </test-method> <!-- runScenario -->
        <test-method signature="runScenario(io.cucumber.testng.PickleWrapper,io.cucumber.testng.FeatureWrapper)[pri:0, instance:runner.CucumberRunner@10b892d5]" started-at="2024-02-27T15:30:45 EST" name="runScenario" description="Runs Cucumber Scenarios" data-provider="scenarios" finished-at="2024-02-27T15:30:53 EST" duration-ms="8426" status="PASS">
          <params>
            <param index="0">
              <value>
                <![CDATA["To validate if  the exsisting user not sucessfully Register."]]>
              </value>
            </param>
            <param index="1">
              <value>
                <![CDATA["Registration Functionality"]]>
              </value>
            </param>
          </params>
          <reporter-output>
          </reporter-output>
        </test-method> <!-- runScenario -->
        <test-method signature="runScenario(io.cucumber.testng.PickleWrapper,io.cucumber.testng.FeatureWrapper)[pri:0, instance:runner.CucumberRunner@10b892d5]" started-at="2024-02-27T15:30:45 EST" name="runScenario" description="Runs Cucumber Scenarios" data-provider="scenarios" finished-at="2024-02-27T15:30:54 EST" duration-ms="8458" status="PASS">
          <params>
            <param index="0">
              <value>
                <![CDATA["To validate if user is successfully Signin."]]>
              </value>
            </param>
            <param index="1">
              <value>
                <![CDATA["Ds_algo project - Signin Functionality"]]>
              </value>
            </param>
          </params>
          <reporter-output>
          </reporter-output>
        </test-method> <!-- runScenario -->
        <test-method signature="runScenario(io.cucumber.testng.PickleWrapper,io.cucumber.testng.FeatureWrapper)[pri:0, instance:runner.CucumberRunner@10b892d5]" started-at="2024-02-27T15:30:45 EST" name="runScenario" description="Runs Cucumber Scenarios" data-provider="scenarios" finished-at="2024-02-27T15:30:53 EST" duration-ms="7763" status="PASS">
          <params>
            <param index="0">
              <value>
                <![CDATA["To validate if user is successfully Signin."]]>
              </value>
            </param>
            <param index="1">
              <value>
                <![CDATA["Ds_algo project - Signin Functionality"]]>
              </value>
            </param>
          </params>
          <reporter-output>
          </reporter-output>
        </test-method> <!-- runScenario -->
        <test-method signature="runScenario(io.cucumber.testng.PickleWrapper,io.cucumber.testng.FeatureWrapper)[pri:0, instance:runner.CucumberRunner@10b892d5]" started-at="2024-02-27T15:30:50 EST" name="runScenario" description="Runs Cucumber Scenarios" data-provider="scenarios" finished-at="2024-02-27T15:30:58 EST" duration-ms="7950" status="PASS">
          <params>
            <param index="0">
              <value>
                <![CDATA["To validate if user is not successfully Signin."]]>
              </value>
            </param>
            <param index="1">
              <value>
                <![CDATA["Ds_algo project - Signin Functionality"]]>
              </value>
            </param>
          </params>
          <reporter-output>
          </reporter-output>
        </test-method> <!-- runScenario -->
        <test-method signature="runScenario(io.cucumber.testng.PickleWrapper,io.cucumber.testng.FeatureWrapper)[pri:0, instance:runner.CucumberRunner@10b892d5]" started-at="2024-02-27T15:30:50 EST" name="runScenario" description="Runs Cucumber Scenarios" data-provider="scenarios" finished-at="2024-02-27T15:30:58 EST" duration-ms="8078" status="PASS">
          <params>
            <param index="0">
              <value>
                <![CDATA["To validate if user is not successfully Signin."]]>
              </value>
            </param>
            <param index="1">
              <value>
                <![CDATA["Ds_algo project - Signin Functionality"]]>
              </value>
            </param>
          </params>
          <reporter-output>
          </reporter-output>
        </test-method> <!-- runScenario -->
        <test-method signature="runScenario(io.cucumber.testng.PickleWrapper,io.cucumber.testng.FeatureWrapper)[pri:0, instance:runner.CucumberRunner@10b892d5]" started-at="2024-02-27T15:30:50 EST" name="runScenario" description="Runs Cucumber Scenarios" data-provider="scenarios" finished-at="2024-02-27T15:31:00 EST" duration-ms="9783" status="PASS">
          <params>
            <param index="0">
              <value>
                <![CDATA["To validate if user getting error message when enter valid python code in operations stack page"]]>
              </value>
            </param>
            <param index="1">
              <value>
                <![CDATA["Ds_algo project-Stack functionality"]]>
              </value>
            </param>
          </params>
          <reporter-output>
          </reporter-output>
        </test-method> <!-- runScenario -->
        <test-method signature="runScenario(io.cucumber.testng.PickleWrapper,io.cucumber.testng.FeatureWrapper)[pri:0, instance:runner.CucumberRunner@10b892d5]" started-at="2024-02-27T15:30:50 EST" name="runScenario" description="Runs Cucumber Scenarios" data-provider="scenarios" finished-at="2024-02-27T15:31:00 EST" duration-ms="9906" status="PASS">
          <params>
            <param index="0">
              <value>
                <![CDATA["To validate if user getting error message when enter valid python code in operations stack page"]]>
              </value>
            </param>
            <param index="1">
              <value>
                <![CDATA["Ds_algo project-Stack functionality"]]>
              </value>
            </param>
          </params>
          <reporter-output>
          </reporter-output>
        </test-method> <!-- runScenario -->
        <test-method signature="runScenario(io.cucumber.testng.PickleWrapper,io.cucumber.testng.FeatureWrapper)[pri:0, instance:runner.CucumberRunner@10b892d5]" started-at="2024-02-27T15:30:51 EST" name="runScenario" description="Runs Cucumber Scenarios" data-provider="scenarios" finished-at="2024-02-27T15:31:02 EST" duration-ms="10966" status="PASS">
          <params>
            <param index="0">
              <value>
                <![CDATA["To validate if user getting error message when enter valid python code in operations stack page"]]>
              </value>
            </param>
            <param index="1">
              <value>
                <![CDATA["Ds_algo project-Stack functionality"]]>
              </value>
            </param>
          </params>
          <reporter-output>
          </reporter-output>
        </test-method> <!-- runScenario -->
        <test-method signature="runScenario(io.cucumber.testng.PickleWrapper,io.cucumber.testng.FeatureWrapper)[pri:0, instance:runner.CucumberRunner@10b892d5]" started-at="2024-02-27T15:30:53 EST" name="runScenario" description="Runs Cucumber Scenarios" data-provider="scenarios" finished-at="2024-02-27T15:31:05 EST" duration-ms="12180" status="PASS">
          <params>
            <param index="0">
              <value>
                <![CDATA["To validate if user getting error message when enter valid python code in operations stack page"]]>
              </value>
            </param>
            <param index="1">
              <value>
                <![CDATA["Ds_algo project-Stack functionality"]]>
              </value>
            </param>
          </params>
          <reporter-output>
          </reporter-output>
        </test-method> <!-- runScenario -->
        <test-method signature="runScenario(io.cucumber.testng.PickleWrapper,io.cucumber.testng.FeatureWrapper)[pri:0, instance:runner.CucumberRunner@10b892d5]" started-at="2024-02-27T15:30:53 EST" name="runScenario" description="Runs Cucumber Scenarios" data-provider="scenarios" finished-at="2024-02-27T15:31:05 EST" duration-ms="12091" status="PASS">
          <params>
            <param index="0">
              <value>
                <![CDATA["To validate if user getting error message when enter valid python code in operations stack page"]]>
              </value>
            </param>
            <param index="1">
              <value>
                <![CDATA["Ds_algo project-Stack functionality"]]>
              </value>
            </param>
          </params>
          <reporter-output>
          </reporter-output>
        </test-method> <!-- runScenario -->
        <test-method signature="runScenario(io.cucumber.testng.PickleWrapper,io.cucumber.testng.FeatureWrapper)[pri:0, instance:runner.CucumberRunner@10b892d5]" started-at="2024-02-27T15:30:53 EST" name="runScenario" description="Runs Cucumber Scenarios" data-provider="scenarios" finished-at="2024-02-27T15:31:05 EST" duration-ms="11711" status="PASS">
          <params>
            <param index="0">
              <value>
                <![CDATA["To validate if user getting error message when enter valid python code in operations stack page"]]>
              </value>
            </param>
            <param index="1">
              <value>
                <![CDATA["Ds_algo project-Stack functionality"]]>
              </value>
            </param>
          </params>
          <reporter-output>
          </reporter-output>
        </test-method> <!-- runScenario -->
        <test-method signature="runScenario(io.cucumber.testng.PickleWrapper,io.cucumber.testng.FeatureWrapper)[pri:0, instance:runner.CucumberRunner@10b892d5]" started-at="2024-02-27T15:30:54 EST" name="runScenario" description="Runs Cucumber Scenarios" data-provider="scenarios" finished-at="2024-02-27T15:31:03 EST" duration-ms="9363" status="PASS">
          <params>
            <param index="0">
              <value>
                <![CDATA["practice Question to practice Tree"]]>
              </value>
            </param>
            <param index="1">
              <value>
                <![CDATA["Ds_algo project-Tree functionality"]]>
              </value>
            </param>
          </params>
          <reporter-output>
          </reporter-output>
        </test-method> <!-- runScenario -->
        <test-method signature="runScenario(io.cucumber.testng.PickleWrapper,io.cucumber.testng.FeatureWrapper)[pri:0, instance:runner.CucumberRunner@10b892d5]" started-at="2024-02-27T15:30:55 EST" name="runScenario" description="Runs Cucumber Scenarios" data-provider="scenarios" finished-at="2024-02-27T15:31:06 EST" duration-ms="10241" status="PASS">
          <params>
            <param index="0">
              <value>
                <![CDATA["To validate if user successfully running the python code in all Tree Pages"]]>
              </value>
            </param>
            <param index="1">
              <value>
                <![CDATA["Ds_algo project-Tree functionality"]]>
              </value>
            </param>
          </params>
          <reporter-output>
          </reporter-output>
        </test-method> <!-- runScenario -->
        <test-method signature="runScenario(io.cucumber.testng.PickleWrapper,io.cucumber.testng.FeatureWrapper)[pri:0, instance:runner.CucumberRunner@10b892d5]" started-at="2024-02-27T15:30:58 EST" name="runScenario" description="Runs Cucumber Scenarios" data-provider="scenarios" finished-at="2024-02-27T15:31:10 EST" duration-ms="12326" status="PASS">
          <params>
            <param index="0">
              <value>
                <![CDATA["To validate if user successfully running the python code in all Tree Pages"]]>
              </value>
            </param>
            <param index="1">
              <value>
                <![CDATA["Ds_algo project-Tree functionality"]]>
              </value>
            </param>
          </params>
          <reporter-output>
          </reporter-output>
        </test-method> <!-- runScenario -->
        <test-method signature="runScenario(io.cucumber.testng.PickleWrapper,io.cucumber.testng.FeatureWrapper)[pri:0, instance:runner.CucumberRunner@10b892d5]" started-at="2024-02-27T15:30:58 EST" name="runScenario" description="Runs Cucumber Scenarios" data-provider="scenarios" finished-at="2024-02-27T15:31:10 EST" duration-ms="12218" status="PASS">
          <params>
            <param index="0">
              <value>
                <![CDATA["To validate if user successfully running the python code in all Tree Pages"]]>
              </value>
            </param>
            <param index="1">
              <value>
                <![CDATA["Ds_algo project-Tree functionality"]]>
              </value>
            </param>
          </params>
          <reporter-output>
          </reporter-output>
        </test-method> <!-- runScenario -->
        <test-method signature="runScenario(io.cucumber.testng.PickleWrapper,io.cucumber.testng.FeatureWrapper)[pri:0, instance:runner.CucumberRunner@10b892d5]" started-at="2024-02-27T15:31:00 EST" name="runScenario" description="Runs Cucumber Scenarios" data-provider="scenarios" finished-at="2024-02-27T15:31:10 EST" duration-ms="10474" status="PASS">
          <params>
            <param index="0">
              <value>
                <![CDATA["To validate if user successfully running the python code in all Tree Pages"]]>
              </value>
            </param>
            <param index="1">
              <value>
                <![CDATA["Ds_algo project-Tree functionality"]]>
              </value>
            </param>
          </params>
          <reporter-output>
          </reporter-output>
        </test-method> <!-- runScenario -->
        <test-method signature="runScenario(io.cucumber.testng.PickleWrapper,io.cucumber.testng.FeatureWrapper)[pri:0, instance:runner.CucumberRunner@10b892d5]" started-at="2024-02-27T15:31:00 EST" name="runScenario" description="Runs Cucumber Scenarios" data-provider="scenarios" finished-at="2024-02-27T15:31:10 EST" duration-ms="10262" status="PASS">
          <params>
            <param index="0">
              <value>
                <![CDATA["To validate if user successfully running the python code in all Tree Pages"]]>
              </value>
            </param>
            <param index="1">
              <value>
                <![CDATA["Ds_algo project-Tree functionality"]]>
              </value>
            </param>
          </params>
          <reporter-output>
          </reporter-output>
        </test-method> <!-- runScenario -->
        <test-method signature="runScenario(io.cucumber.testng.PickleWrapper,io.cucumber.testng.FeatureWrapper)[pri:0, instance:runner.CucumberRunner@10b892d5]" started-at="2024-02-27T15:31:02 EST" name="runScenario" description="Runs Cucumber Scenarios" data-provider="scenarios" finished-at="2024-02-27T15:31:13 EST" duration-ms="10929" status="PASS">
          <params>
            <param index="0">
              <value>
                <![CDATA["To validate if user successfully running the python code in all Tree Pages"]]>
              </value>
            </param>
            <param index="1">
              <value>
                <![CDATA["Ds_algo project-Tree functionality"]]>
              </value>
            </param>
          </params>
          <reporter-output>
          </reporter-output>
        </test-method> <!-- runScenario -->
        <test-method signature="runScenario(io.cucumber.testng.PickleWrapper,io.cucumber.testng.FeatureWrapper)[pri:0, instance:runner.CucumberRunner@10b892d5]" started-at="2024-02-27T15:31:03 EST" name="runScenario" description="Runs Cucumber Scenarios" data-provider="scenarios" finished-at="2024-02-27T15:31:15 EST" duration-ms="11681" status="PASS">
          <params>
            <param index="0">
              <value>
                <![CDATA["To validate if user successfully running the python code in all Tree Pages"]]>
              </value>
            </param>
            <param index="1">
              <value>
                <![CDATA["Ds_algo project-Tree functionality"]]>
              </value>
            </param>
          </params>
          <reporter-output>
          </reporter-output>
        </test-method> <!-- runScenario -->
        <test-method signature="runScenario(io.cucumber.testng.PickleWrapper,io.cucumber.testng.FeatureWrapper)[pri:0, instance:runner.CucumberRunner@10b892d5]" started-at="2024-02-27T15:31:05 EST" name="runScenario" description="Runs Cucumber Scenarios" data-provider="scenarios" finished-at="2024-02-27T15:31:18 EST" duration-ms="12637" status="PASS">
          <params>
            <param index="0">
              <value>
                <![CDATA["To validate if user successfully running the python code in all Tree Pages"]]>
              </value>
            </param>
            <param index="1">
              <value>
                <![CDATA["Ds_algo project-Tree functionality"]]>
              </value>
            </param>
          </params>
          <reporter-output>
          </reporter-output>
        </test-method> <!-- runScenario -->
        <test-method signature="runScenario(io.cucumber.testng.PickleWrapper,io.cucumber.testng.FeatureWrapper)[pri:0, instance:runner.CucumberRunner@10b892d5]" started-at="2024-02-27T15:31:05 EST" name="runScenario" description="Runs Cucumber Scenarios" data-provider="scenarios" finished-at="2024-02-27T15:31:18 EST" duration-ms="12632" status="PASS">
          <params>
            <param index="0">
              <value>
                <![CDATA["To validate if user successfully running the python code in all Tree Pages"]]>
              </value>
            </param>
            <param index="1">
              <value>
                <![CDATA["Ds_algo project-Tree functionality"]]>
              </value>
            </param>
          </params>
          <reporter-output>
          </reporter-output>
        </test-method> <!-- runScenario -->
        <test-method signature="runScenario(io.cucumber.testng.PickleWrapper,io.cucumber.testng.FeatureWrapper)[pri:0, instance:runner.CucumberRunner@10b892d5]" started-at="2024-02-27T15:31:05 EST" name="runScenario" description="Runs Cucumber Scenarios" data-provider="scenarios" finished-at="2024-02-27T15:31:18 EST" duration-ms="12433" status="PASS">
          <params>
            <param index="0">
              <value>
                <![CDATA["To validate if user successfully running the python code in all Tree Pages"]]>
              </value>
            </param>
            <param index="1">
              <value>
                <![CDATA["Ds_algo project-Tree functionality"]]>
              </value>
            </param>
          </params>
          <reporter-output>
          </reporter-output>
        </test-method> <!-- runScenario -->
        <test-method signature="runScenario(io.cucumber.testng.PickleWrapper,io.cucumber.testng.FeatureWrapper)[pri:0, instance:runner.CucumberRunner@10b892d5]" started-at="2024-02-27T15:31:06 EST" name="runScenario" description="Runs Cucumber Scenarios" data-provider="scenarios" finished-at="2024-02-27T15:31:18 EST" duration-ms="12186" status="PASS">
          <params>
            <param index="0">
              <value>
                <![CDATA["To validate if user successfully running the python code in all Tree Pages"]]>
              </value>
            </param>
            <param index="1">
              <value>
                <![CDATA["Ds_algo project-Tree functionality"]]>
              </value>
            </param>
          </params>
          <reporter-output>
          </reporter-output>
        </test-method> <!-- runScenario -->
        <test-method signature="runScenario(io.cucumber.testng.PickleWrapper,io.cucumber.testng.FeatureWrapper)[pri:0, instance:runner.CucumberRunner@10b892d5]" started-at="2024-02-27T15:31:10 EST" name="runScenario" description="Runs Cucumber Scenarios" data-provider="scenarios" finished-at="2024-02-27T15:31:21 EST" duration-ms="10866" status="PASS">
          <params>
            <param index="0">
              <value>
                <![CDATA["To validate if user successfully running the python code in all Tree Pages"]]>
              </value>
            </param>
            <param index="1">
              <value>
                <![CDATA["Ds_algo project-Tree functionality"]]>
              </value>
            </param>
          </params>
          <reporter-output>
          </reporter-output>
        </test-method> <!-- runScenario -->
        <test-method signature="runScenario(io.cucumber.testng.PickleWrapper,io.cucumber.testng.FeatureWrapper)[pri:0, instance:runner.CucumberRunner@10b892d5]" started-at="2024-02-27T15:31:10 EST" name="runScenario" description="Runs Cucumber Scenarios" data-provider="scenarios" finished-at="2024-02-27T15:31:21 EST" duration-ms="10821" status="PASS">
          <params>
            <param index="0">
              <value>
                <![CDATA["To validate if user successfully running the python code in all Tree Pages"]]>
              </value>
            </param>
            <param index="1">
              <value>
                <![CDATA["Ds_algo project-Tree functionality"]]>
              </value>
            </param>
          </params>
          <reporter-output>
          </reporter-output>
        </test-method> <!-- runScenario -->
        <test-method signature="runScenario(io.cucumber.testng.PickleWrapper,io.cucumber.testng.FeatureWrapper)[pri:0, instance:runner.CucumberRunner@10b892d5]" started-at="2024-02-27T15:31:10 EST" name="runScenario" description="Runs Cucumber Scenarios" data-provider="scenarios" finished-at="2024-02-27T15:31:21 EST" duration-ms="10317" status="PASS">
          <params>
            <param index="0">
              <value>
                <![CDATA["To validate if user successfully running the python code in all Tree Pages"]]>
              </value>
            </param>
            <param index="1">
              <value>
                <![CDATA["Ds_algo project-Tree functionality"]]>
              </value>
            </param>
          </params>
          <reporter-output>
          </reporter-output>
        </test-method> <!-- runScenario -->
        <test-method signature="runScenario(io.cucumber.testng.PickleWrapper,io.cucumber.testng.FeatureWrapper)[pri:0, instance:runner.CucumberRunner@10b892d5]" started-at="2024-02-27T15:31:10 EST" name="runScenario" description="Runs Cucumber Scenarios" data-provider="scenarios" finished-at="2024-02-27T15:31:20 EST" duration-ms="9914" status="PASS">
          <params>
            <param index="0">
              <value>
                <![CDATA["To validate if user successfully running the python code in all Tree Pages"]]>
              </value>
            </param>
            <param index="1">
              <value>
                <![CDATA["Ds_algo project-Tree functionality"]]>
              </value>
            </param>
          </params>
          <reporter-output>
          </reporter-output>
        </test-method> <!-- runScenario -->
        <test-method signature="runScenario(io.cucumber.testng.PickleWrapper,io.cucumber.testng.FeatureWrapper)[pri:0, instance:runner.CucumberRunner@10b892d5]" started-at="2024-02-27T15:31:13 EST" name="runScenario" description="Runs Cucumber Scenarios" data-provider="scenarios" finished-at="2024-02-27T15:31:21 EST" duration-ms="8775" status="PASS">
          <params>
            <param index="0">
              <value>
                <![CDATA["To validate if user successfully running the python code in all Tree Pages"]]>
              </value>
            </param>
            <param index="1">
              <value>
                <![CDATA["Ds_algo project-Tree functionality"]]>
              </value>
            </param>
          </params>
          <reporter-output>
          </reporter-output>
        </test-method> <!-- runScenario -->
        <test-method signature="runScenario(io.cucumber.testng.PickleWrapper,io.cucumber.testng.FeatureWrapper)[pri:0, instance:runner.CucumberRunner@10b892d5]" started-at="2024-02-27T15:31:15 EST" name="runScenario" description="Runs Cucumber Scenarios" data-provider="scenarios" finished-at="2024-02-27T15:31:23 EST" duration-ms="8193" status="PASS">
          <params>
            <param index="0">
              <value>
                <![CDATA["To validate if user successfully running the python code in all Tree Pages"]]>
              </value>
            </param>
            <param index="1">
              <value>
                <![CDATA["Ds_algo project-Tree functionality"]]>
              </value>
            </param>
          </params>
          <reporter-output>
          </reporter-output>
        </test-method> <!-- runScenario -->
        <test-method signature="runScenario(io.cucumber.testng.PickleWrapper,io.cucumber.testng.FeatureWrapper)[pri:0, instance:runner.CucumberRunner@10b892d5]" started-at="2024-02-27T15:31:18 EST" name="runScenario" description="Runs Cucumber Scenarios" data-provider="scenarios" finished-at="2024-02-27T15:31:24 EST" duration-ms="6324" status="PASS">
          <params>
            <param index="0">
              <value>
                <![CDATA["To validate if user successfully running the python code in all Tree Pages"]]>
              </value>
            </param>
            <param index="1">
              <value>
                <![CDATA["Ds_algo project-Tree functionality"]]>
              </value>
            </param>
          </params>
          <reporter-output>
          </reporter-output>
        </test-method> <!-- runScenario -->
        <test-method signature="runScenario(io.cucumber.testng.PickleWrapper,io.cucumber.testng.FeatureWrapper)[pri:0, instance:runner.CucumberRunner@10b892d5]" started-at="2024-02-27T15:31:18 EST" name="runScenario" description="Runs Cucumber Scenarios" data-provider="scenarios" finished-at="2024-02-27T15:31:24 EST" duration-ms="6437" status="PASS">
          <params>
            <param index="0">
              <value>
                <![CDATA["To validate if user successfully running the python code in all Tree Pages"]]>
              </value>
            </param>
            <param index="1">
              <value>
                <![CDATA["Ds_algo project-Tree functionality"]]>
              </value>
            </param>
          </params>
          <reporter-output>
          </reporter-output>
        </test-method> <!-- runScenario -->
        <test-method signature="runScenario(io.cucumber.testng.PickleWrapper,io.cucumber.testng.FeatureWrapper)[pri:0, instance:runner.CucumberRunner@10b892d5]" started-at="2024-02-27T15:31:18 EST" name="runScenario" description="Runs Cucumber Scenarios" data-provider="scenarios" finished-at="2024-02-27T15:31:24 EST" duration-ms="6229" status="PASS">
          <params>
            <param index="0">
              <value>
                <![CDATA["To validate if user successfully running the python code in all Tree Pages"]]>
              </value>
            </param>
            <param index="1">
              <value>
                <![CDATA["Ds_algo project-Tree functionality"]]>
              </value>
            </param>
          </params>
          <reporter-output>
          </reporter-output>
        </test-method> <!-- runScenario -->
        <test-method is-config="true" signature="tearDownClass()[pri:0, instance:runner.CucumberRunner@10b892d5]" started-at="2024-02-27T15:31:24 EST" name="tearDownClass" finished-at="2024-02-27T15:31:24 EST" duration-ms="7" status="PASS">
          <reporter-output>
          </reporter-output>
        </test-method> <!-- tearDownClass -->
      </class> <!-- runner.CucumberRunner -->
    </test> <!-- Chrome Test -->
    <test started-at="2024-02-27T15:31:24 EST" name="Edge Test" finished-at="2024-02-27T15:33:16 EST" duration-ms="111903">
      <class name="runner.CucumberRunner">
        <test-method is-config="true" signature="setUpClass(org.testng.ITestContext)[pri:0, instance:runner.CucumberRunner@3277e499]" started-at="2024-02-27T15:31:24 EST" name="setUpClass" finished-at="2024-02-27T15:31:24 EST" duration-ms="32" status="PASS">
          <params>
            <param index="0">
              <value>
                <![CDATA[org.testng.TestRunner@7a7d1b47]]>
              </value>
            </param>
          </params>
          <reporter-output>
          </reporter-output>
        </test-method> <!-- setUpClass -->
        <test-method is-config="true" signature="defineBrowser(java.lang.String)[pri:0, instance:runner.CucumberRunner@3277e499]" started-at="2024-02-27T15:31:24 EST" name="defineBrowser" finished-at="2024-02-27T15:31:24 EST" duration-ms="0" status="PASS">
          <params>
            <param index="0">
              <value>
                <![CDATA[Edge]]>
              </value>
            </param>
          </params>
          <reporter-output>
          </reporter-output>
        </test-method> <!-- defineBrowser -->
        <test-method signature="runScenario(io.cucumber.testng.PickleWrapper,io.cucumber.testng.FeatureWrapper)[pri:0, instance:runner.CucumberRunner@3277e499]" started-at="2024-02-27T15:31:24 EST" name="runScenario" description="Runs Cucumber Scenarios" data-provider="scenarios" finished-at="2024-02-27T15:31:42 EST" duration-ms="17987" status="PASS">
          <params>
            <param index="0">
              <value>
                <![CDATA["Search the array practice Question to practice Arrays"]]>
              </value>
            </param>
            <param index="1">
              <value>
                <![CDATA["Ds_algo project-Arrays functionality"]]>
              </value>
            </param>
          </params>
          <reporter-output>
          </reporter-output>
        </test-method> <!-- runScenario -->
        <test-method signature="runScenario(io.cucumber.testng.PickleWrapper,io.cucumber.testng.FeatureWrapper)[pri:0, instance:runner.CucumberRunner@3277e499]" started-at="2024-02-27T15:31:24 EST" name="runScenario" description="Runs Cucumber Scenarios" data-provider="scenarios" finished-at="2024-02-27T15:31:42 EST" duration-ms="17862" status="PASS">
          <params>
            <param index="0">
              <value>
                <![CDATA["To validate if user successfully running the python code in all Array Pages"]]>
              </value>
            </param>
            <param index="1">
              <value>
                <![CDATA["Ds_algo project-Arrays functionality"]]>
              </value>
            </param>
          </params>
          <reporter-output>
          </reporter-output>
        </test-method> <!-- runScenario -->
        <test-method signature="runScenario(io.cucumber.testng.PickleWrapper,io.cucumber.testng.FeatureWrapper)[pri:0, instance:runner.CucumberRunner@3277e499]" started-at="2024-02-27T15:31:24 EST" name="runScenario" description="Runs Cucumber Scenarios" data-provider="scenarios" finished-at="2024-02-27T15:31:42 EST" duration-ms="17738" status="PASS">
          <params>
            <param index="0">
              <value>
                <![CDATA["To validate if user successfully running the python code in all Array Pages"]]>
              </value>
            </param>
            <param index="1">
              <value>
                <![CDATA["Ds_algo project-Arrays functionality"]]>
              </value>
            </param>
          </params>
          <reporter-output>
          </reporter-output>
        </test-method> <!-- runScenario -->
        <test-method signature="runScenario(io.cucumber.testng.PickleWrapper,io.cucumber.testng.FeatureWrapper)[pri:0, instance:runner.CucumberRunner@3277e499]" started-at="2024-02-27T15:31:24 EST" name="runScenario" description="Runs Cucumber Scenarios" data-provider="scenarios" finished-at="2024-02-27T15:31:42 EST" duration-ms="17438" status="PASS">
          <params>
            <param index="0">
              <value>
                <![CDATA["To validate if user successfully running the python code in all Array Pages"]]>
              </value>
            </param>
            <param index="1">
              <value>
                <![CDATA["Ds_algo project-Arrays functionality"]]>
              </value>
            </param>
          </params>
          <reporter-output>
          </reporter-output>
        </test-method> <!-- runScenario -->
        <test-method signature="runScenario(io.cucumber.testng.PickleWrapper,io.cucumber.testng.FeatureWrapper)[pri:0, instance:runner.CucumberRunner@3277e499]" started-at="2024-02-27T15:31:24 EST" name="runScenario" description="Runs Cucumber Scenarios" data-provider="scenarios" finished-at="2024-02-27T15:31:41 EST" duration-ms="17083" status="PASS">
          <params>
            <param index="0">
              <value>
                <![CDATA["To validate if user successfully running the python code in all Array Pages"]]>
              </value>
            </param>
            <param index="1">
              <value>
                <![CDATA["Ds_algo project-Arrays functionality"]]>
              </value>
            </param>
          </params>
          <reporter-output>
          </reporter-output>
        </test-method> <!-- runScenario -->
        <test-method signature="runScenario(io.cucumber.testng.PickleWrapper,io.cucumber.testng.FeatureWrapper)[pri:0, instance:runner.CucumberRunner@3277e499]" started-at="2024-02-27T15:31:24 EST" name="runScenario" description="Runs Cucumber Scenarios" data-provider="scenarios" finished-at="2024-02-27T15:31:37 EST" duration-ms="13191" status="PASS">
          <params>
            <param index="0">
              <value>
                <![CDATA["To validate if user successfully running the python code in all Array Pages"]]>
              </value>
            </param>
            <param index="1">
              <value>
                <![CDATA["Ds_algo project-Arrays functionality"]]>
              </value>
            </param>
          </params>
          <reporter-output>
          </reporter-output>
        </test-method> <!-- runScenario -->
        <test-method signature="runScenario(io.cucumber.testng.PickleWrapper,io.cucumber.testng.FeatureWrapper)[pri:0, instance:runner.CucumberRunner@3277e499]" started-at="2024-02-27T15:31:24 EST" name="runScenario" description="Runs Cucumber Scenarios" data-provider="scenarios" finished-at="2024-02-27T15:31:42 EST" duration-ms="17516" status="PASS">
          <params>
            <param index="0">
              <value>
                <![CDATA["To validate if user successfully running the python code in all Array Pages"]]>
              </value>
            </param>
            <param index="1">
              <value>
                <![CDATA["Ds_algo project-Arrays functionality"]]>
              </value>
            </param>
          </params>
          <reporter-output>
          </reporter-output>
        </test-method> <!-- runScenario -->
        <test-method signature="runScenario(io.cucumber.testng.PickleWrapper,io.cucumber.testng.FeatureWrapper)[pri:0, instance:runner.CucumberRunner@3277e499]" started-at="2024-02-27T15:31:24 EST" name="runScenario" description="Runs Cucumber Scenarios" data-provider="scenarios" finished-at="2024-02-27T15:31:40 EST" duration-ms="16165" status="PASS">
          <params>
            <param index="0">
              <value>
                <![CDATA["Search the Data Structures practice Question to practice Data Structures"]]>
              </value>
            </param>
            <param index="1">
              <value>
                <![CDATA["Ds_algo project-Data Structures functionality"]]>
              </value>
            </param>
          </params>
          <reporter-output>
          </reporter-output>
        </test-method> <!-- runScenario -->
        <test-method signature="runScenario(io.cucumber.testng.PickleWrapper,io.cucumber.testng.FeatureWrapper)[pri:0, instance:runner.CucumberRunner@3277e499]" started-at="2024-02-27T15:31:24 EST" name="runScenario" description="Runs Cucumber Scenarios" data-provider="scenarios" finished-at="2024-02-27T15:31:42 EST" duration-ms="17221" status="PASS">
          <params>
            <param index="0">
              <value>
                <![CDATA["To validate if user successfully running the python code in all Array Pages"]]>
              </value>
            </param>
            <param index="1">
              <value>
                <![CDATA["Ds_algo project-Arrays functionality"]]>
              </value>
            </param>
          </params>
          <reporter-output>
          </reporter-output>
        </test-method> <!-- runScenario -->
        <test-method signature="runScenario(io.cucumber.testng.PickleWrapper,io.cucumber.testng.FeatureWrapper)[pri:0, instance:runner.CucumberRunner@3277e499]" started-at="2024-02-27T15:31:24 EST" name="runScenario" description="Runs Cucumber Scenarios" data-provider="scenarios" finished-at="2024-02-27T15:31:40 EST" duration-ms="15946" status="PASS">
          <params>
            <param index="0">
              <value>
                <![CDATA["To validate if user successfully running the python code in all Array Pages"]]>
              </value>
            </param>
            <param index="1">
              <value>
                <![CDATA["Ds_algo project-Arrays functionality"]]>
              </value>
            </param>
          </params>
          <reporter-output>
          </reporter-output>
        </test-method> <!-- runScenario -->
        <test-method signature="runScenario(io.cucumber.testng.PickleWrapper,io.cucumber.testng.FeatureWrapper)[pri:0, instance:runner.CucumberRunner@3277e499]" started-at="2024-02-27T15:31:37 EST" name="runScenario" description="Runs Cucumber Scenarios" data-provider="scenarios" finished-at="2024-02-27T15:31:49 EST" duration-ms="11270" status="PASS">
          <params>
            <param index="0">
              <value>
                <![CDATA["To validate if user successfully running the python code in all Data Structures Pages"]]>
              </value>
            </param>
            <param index="1">
              <value>
                <![CDATA["Ds_algo project-Data Structures functionality"]]>
              </value>
            </param>
          </params>
          <reporter-output>
          </reporter-output>
        </test-method> <!-- runScenario -->
        <test-method signature="runScenario(io.cucumber.testng.PickleWrapper,io.cucumber.testng.FeatureWrapper)[pri:0, instance:runner.CucumberRunner@3277e499]" started-at="2024-02-27T15:31:40 EST" name="runScenario" description="Runs Cucumber Scenarios" data-provider="scenarios" finished-at="2024-02-27T15:31:54 EST" duration-ms="14118" status="PASS">
          <params>
            <param index="0">
              <value>
                <![CDATA["To validate if user successfully running the python code in all Data Structures Pages"]]>
              </value>
            </param>
            <param index="1">
              <value>
                <![CDATA["Ds_algo project-Data Structures functionality"]]>
              </value>
            </param>
          </params>
          <reporter-output>
          </reporter-output>
        </test-method> <!-- runScenario -->
        <test-method signature="runScenario(io.cucumber.testng.PickleWrapper,io.cucumber.testng.FeatureWrapper)[pri:0, instance:runner.CucumberRunner@3277e499]" started-at="2024-02-27T15:31:40 EST" name="runScenario" description="Runs Cucumber Scenarios" data-provider="scenarios" finished-at="2024-02-27T15:31:54 EST" duration-ms="13423" status="PASS">
          <params>
            <param index="0">
              <value>
                <![CDATA["practice Question to practice Graph"]]>
              </value>
            </param>
            <param index="1">
              <value>
                <![CDATA["Ds_algo project-Graph functionality"]]>
              </value>
            </param>
          </params>
          <reporter-output>
          </reporter-output>
        </test-method> <!-- runScenario -->
        <test-method signature="runScenario(io.cucumber.testng.PickleWrapper,io.cucumber.testng.FeatureWrapper)[pri:0, instance:runner.CucumberRunner@3277e499]" started-at="2024-02-27T15:31:41 EST" name="runScenario" description="Runs Cucumber Scenarios" data-provider="scenarios" finished-at="2024-02-27T15:31:55 EST" duration-ms="13286" status="PASS">
          <params>
            <param index="0">
              <value>
                <![CDATA["To validate if user successfully running the python code in all Graph Pages"]]>
              </value>
            </param>
[...]
          <params>
            <param index="0">
              <value>
                <![CDATA["To validate if user getting error message when enter valid python code in operations stack page"]]>
              </value>
            </param>
            <param index="1">
              <value>
                <![CDATA["Ds_algo project-Stack functionality"]]>
              </value>
            </param>
          </params>
          <reporter-output>
          </reporter-output>
        </test-method> <!-- runScenario -->
        <test-method signature="runScenario(io.cucumber.testng.PickleWrapper,io.cucumber.testng.FeatureWrapper)[pri:0, instance:runner.CucumberRunner@3277e499]" started-at="2024-02-27T15:32:33 EST" name="runScenario" description="Runs Cucumber Scenarios" data-provider="scenarios" finished-at="2024-02-27T15:32:45 EST" duration-ms="11883" status="PASS">
          <params>
            <param index="0">
              <value>
                <![CDATA["practice Question to practice Tree"]]>
              </value>
            </param>
            <param index="1">
              <value>
                <![CDATA["Ds_algo project-Tree functionality"]]>
              </value>
            </param>
          </params>
          <reporter-output>
          </reporter-output>
        </test-method> <!-- runScenario -->
        <test-method signature="runScenario(io.cucumber.testng.PickleWrapper,io.cucumber.testng.FeatureWrapper)[pri:0, instance:runner.CucumberRunner@3277e499]" started-at="2024-02-27T15:32:34 EST" name="runScenario" description="Runs Cucumber Scenarios" data-provider="scenarios" finished-at="2024-02-27T15:32:46 EST" duration-ms="12566" status="PASS">
          <params>
            <param index="0">
              <value>
                <![CDATA["To validate if user successfully running the python code in all Tree Pages"]]>
              </value>
            </param>
            <param index="1">
              <value>
                <![CDATA["Ds_algo project-Tree functionality"]]>
              </value>
            </param>
          </params>
          <reporter-output>
          </reporter-output>
        </test-method> <!-- runScenario -->
        <test-method signature="runScenario(io.cucumber.testng.PickleWrapper,io.cucumber.testng.FeatureWrapper)[pri:0, instance:runner.CucumberRunner@3277e499]" started-at="2024-02-27T15:32:34 EST" name="runScenario" description="Runs Cucumber Scenarios" data-provider="scenarios" finished-at="2024-02-27T15:32:45 EST" duration-ms="10844" status="PASS">
          <params>
            <param index="0">
              <value>
                <![CDATA["To validate if user successfully running the python code in all Tree Pages"]]>
              </value>
            </param>
            <param index="1">
              <value>
                <![CDATA["Ds_algo project-Tree functionality"]]>
              </value>
            </param>
          </params>
          <reporter-output>
          </reporter-output>
        </test-method> <!-- runScenario -->
        <test-method signature="runScenario(io.cucumber.testng.PickleWrapper,io.cucumber.testng.FeatureWrapper)[pri:0, instance:runner.CucumberRunner@3277e499]" started-at="2024-02-27T15:32:35 EST" name="runScenario" description="Runs Cucumber Scenarios" data-provider="scenarios" finished-at="2024-02-27T15:32:47 EST" duration-ms="11839" status="PASS">
          <params>
            <param index="0">
              <value>
                <![CDATA["To validate if user successfully running the python code in all Tree Pages"]]>
              </value>
            </param>
            <param index="1">
              <value>
                <![CDATA["Ds_algo project-Tree functionality"]]>
              </value>
            </param>
          </params>
          <reporter-output>
          </reporter-output>
        </test-method> <!-- runScenario -->
        <test-method signature="runScenario(io.cucumber.testng.PickleWrapper,io.cucumber.testng.FeatureWrapper)[pri:0, instance:runner.CucumberRunner@3277e499]" started-at="2024-02-27T15:32:35 EST" name="runScenario" description="Runs Cucumber Scenarios" data-provider="scenarios" finished-at="2024-02-27T15:32:46 EST" duration-ms="11068" status="PASS">
          <params>
            <param index="0">
              <value>
                <![CDATA["To validate if user successfully running the python code in all Tree Pages"]]>
              </value>
            </param>
            <param index="1">
              <value>
                <![CDATA["Ds_algo project-Tree functionality"]]>
              </value>
            </param>
          </params>
          <reporter-output>
          </reporter-output>
        </test-method> <!-- runScenario -->
        <test-method signature="runScenario(io.cucumber.testng.PickleWrapper,io.cucumber.testng.FeatureWrapper)[pri:0, instance:runner.CucumberRunner@3277e499]" started-at="2024-02-27T15:32:35 EST" name="runScenario" description="Runs Cucumber Scenarios" data-provider="scenarios" finished-at="2024-02-27T15:32:47 EST" duration-ms="11798" status="FAIL">
          <params>
            <param index="0">
              <value>
                <![CDATA["To validate if user successfully running the python code in all Tree Pages"]]>
              </value>
            </param>
            <param index="1">
              <value>
                <![CDATA["Ds_algo project-Tree functionality"]]>
              </value>
            </param>
          </params>
          <exception class="java.lang.AssertionError">
            <message>
              <![CDATA[expected [] but found [Numpy Ninja]]]>
            </message>
            <full-stacktrace>
              <![CDATA[java.lang.AssertionError: expected [] but found [Numpy Ninja]
at org.testng.Assert.fail(Assert.java:111)
at org.testng.Assert.failNotEquals(Assert.java:1578)
at org.testng.Assert.assertEqualsImpl(Assert.java:150)
at org.testng.Assert.assertEquals(Assert.java:132)
at org.testng.Assert.assertEquals(Assert.java:656)
at org.testng.Assert.assertEquals(Assert.java:666)
at stepDefinitions.HomePageDefinitions.LaunchNavigate_to_Homepage(HomePageDefinitions.java:32)
at ✽.Launch the Portal Page(file:///C:/Menaka/Selenium%20Testing/DsAlgoCucumberProject/src/test/resources/features/TreePage.feature:5)
]]>
            </full-stacktrace>
          </exception> <!-- java.lang.AssertionError -->
          <reporter-output>
          </reporter-output>
        </test-method> <!-- runScenario -->
        <test-method signature="runScenario(io.cucumber.testng.PickleWrapper,io.cucumber.testng.FeatureWrapper)[pri:0, instance:runner.CucumberRunner@3277e499]" started-at="2024-02-27T15:32:35 EST" name="runScenario" description="Runs Cucumber Scenarios" data-provider="scenarios" finished-at="2024-02-27T15:32:47 EST" duration-ms="11441" status="PASS">
          <params>
            <param index="0">
              <value>
                <![CDATA["To validate if user successfully running the python code in all Tree Pages"]]>
              </value>
            </param>
            <param index="1">
              <value>
                <![CDATA["Ds_algo project-Tree functionality"]]>
              </value>
            </param>
          </params>
          <reporter-output>
          </reporter-output>
        </test-method> <!-- runScenario -->
        <test-method signature="runScenario(io.cucumber.testng.PickleWrapper,io.cucumber.testng.FeatureWrapper)[pri:0, instance:runner.CucumberRunner@3277e499]" started-at="2024-02-27T15:32:37 EST" name="runScenario" description="Runs Cucumber Scenarios" data-provider="scenarios" finished-at="2024-02-27T15:32:48 EST" duration-ms="10232" status="PASS">
          <params>
            <param index="0">
              <value>
                <![CDATA["To validate if user successfully running the python code in all Tree Pages"]]>
              </value>
            </param>
            <param index="1">
              <value>
                <![CDATA["Ds_algo project-Tree functionality"]]>
              </value>
            </param>
          </params>
          <reporter-output>
          </reporter-output>
        </test-method> <!-- runScenario -->
        <test-method signature="runScenario(io.cucumber.testng.PickleWrapper,io.cucumber.testng.FeatureWrapper)[pri:0, instance:runner.CucumberRunner@3277e499]" started-at="2024-02-27T15:32:41 EST" name="runScenario" description="Runs Cucumber Scenarios" data-provider="scenarios" finished-at="2024-02-27T15:32:53 EST" duration-ms="12216" status="PASS">
          <params>
            <param index="0">
              <value>
                <![CDATA["To validate if user successfully running the python code in all Tree Pages"]]>
              </value>
            </param>
            <param index="1">
              <value>
                <![CDATA["Ds_algo project-Tree functionality"]]>
              </value>
            </param>
          </params>
          <reporter-output>
          </reporter-output>
        </test-method> <!-- runScenario -->
        <test-method signature="runScenario(io.cucumber.testng.PickleWrapper,io.cucumber.testng.FeatureWrapper)[pri:0, instance:runner.CucumberRunner@3277e499]" started-at="2024-02-27T15:32:45 EST" name="runScenario" description="Runs Cucumber Scenarios" data-provider="scenarios" finished-at="2024-02-27T15:33:00 EST" duration-ms="14966" status="PASS">
          <params>
            <param index="0">
              <value>
                <![CDATA["To validate if user successfully running the python code in all Tree Pages"]]>
              </value>
            </param>
            <param index="1">
              <value>
                <![CDATA["Ds_algo project-Tree functionality"]]>
              </value>
            </param>
          </params>
          <reporter-output>
          </reporter-output>
        </test-method> <!-- runScenario -->
        <test-method signature="runScenario(io.cucumber.testng.PickleWrapper,io.cucumber.testng.FeatureWrapper)[pri:0, instance:runner.CucumberRunner@3277e499]" started-at="2024-02-27T15:32:45 EST" name="runScenario" description="Runs Cucumber Scenarios" data-provider="scenarios" finished-at="2024-02-27T15:33:00 EST" duration-ms="14846" status="PASS">
          <params>
            <param index="0">
              <value>
                <![CDATA["To validate if user successfully running the python code in all Tree Pages"]]>
              </value>
            </param>
            <param index="1">
              <value>
                <![CDATA["Ds_algo project-Tree functionality"]]>
              </value>
            </param>
          </params>
          <reporter-output>
          </reporter-output>
        </test-method> <!-- runScenario -->
        <test-method signature="runScenario(io.cucumber.testng.PickleWrapper,io.cucumber.testng.FeatureWrapper)[pri:0, instance:runner.CucumberRunner@3277e499]" started-at="2024-02-27T15:32:46 EST" name="runScenario" description="Runs Cucumber Scenarios" data-provider="scenarios" finished-at="2024-02-27T15:32:57 EST" duration-ms="10604" status="PASS">
          <params>
            <param index="0">
              <value>
                <![CDATA["To validate if user successfully running the python code in all Tree Pages"]]>
              </value>
            </param>
            <param index="1">
              <value>
                <![CDATA["Ds_algo project-Tree functionality"]]>
              </value>
            </param>
          </params>
          <reporter-output>
          </reporter-output>
        </test-method> <!-- runScenario -->
        <test-method signature="runScenario(io.cucumber.testng.PickleWrapper,io.cucumber.testng.FeatureWrapper)[pri:0, instance:runner.CucumberRunner@3277e499]" started-at="2024-02-27T15:32:46 EST" name="runScenario" description="Runs Cucumber Scenarios" data-provider="scenarios" finished-at="2024-02-27T15:33:00 EST" duration-ms="14094" status="PASS">
          <params>
            <param index="0">
              <value>
                <![CDATA["To validate if user successfully running the python code in all Tree Pages"]]>
              </value>
            </param>
            <param index="1">
              <value>
                <![CDATA["Ds_algo project-Tree functionality"]]>
              </value>
            </param>
          </params>
          <reporter-output>
          </reporter-output>
        </test-method> <!-- runScenario -->
        <test-method signature="runScenario(io.cucumber.testng.PickleWrapper,io.cucumber.testng.FeatureWrapper)[pri:0, instance:runner.CucumberRunner@3277e499]" started-at="2024-02-27T15:32:47 EST" name="runScenario" description="Runs Cucumber Scenarios" data-provider="scenarios" finished-at="2024-02-27T15:33:00 EST" duration-ms="13710" status="PASS">
          <params>
            <param index="0">
              <value>
                <![CDATA["To validate if user successfully running the python code in all Tree Pages"]]>
              </value>
            </param>
            <param index="1">
              <value>
                <![CDATA["Ds_algo project-Tree functionality"]]>
              </value>
            </param>
          </params>
          <reporter-output>
          </reporter-output>
        </test-method> <!-- runScenario -->
        <test-method signature="runScenario(io.cucumber.testng.PickleWrapper,io.cucumber.testng.FeatureWrapper)[pri:0, instance:runner.CucumberRunner@3277e499]" started-at="2024-02-27T15:32:47 EST" name="runScenario" description="Runs Cucumber Scenarios" data-provider="scenarios" finished-at="2024-02-27T15:33:00 EST" duration-ms="13661" status="PASS">
          <params>
            <param index="0">
              <value>
                <![CDATA["To validate if user successfully running the python code in all Tree Pages"]]>
              </value>
            </param>
            <param index="1">
              <value>
                <![CDATA["Ds_algo project-Tree functionality"]]>
              </value>
            </param>
          </params>
          <reporter-output>
          </reporter-output>
        </test-method> <!-- runScenario -->
        <test-method signature="runScenario(io.cucumber.testng.PickleWrapper,io.cucumber.testng.FeatureWrapper)[pri:0, instance:runner.CucumberRunner@3277e499]" started-at="2024-02-27T15:32:47 EST" name="runScenario" description="Runs Cucumber Scenarios" data-provider="scenarios" finished-at="2024-02-27T15:33:00 EST" duration-ms="13522" status="PASS">
          <params>
            <param index="0">
              <value>
                <![CDATA["To validate if user successfully running the python code in all Tree Pages"]]>
              </value>
            </param>
            <param index="1">
              <value>
                <![CDATA["Ds_algo project-Tree functionality"]]>
              </value>
            </param>
          </params>
          <reporter-output>
          </reporter-output>
        </test-method> <!-- runScenario -->
        <test-method signature="runScenario(io.cucumber.testng.PickleWrapper,io.cucumber.testng.FeatureWrapper)[pri:0, instance:runner.CucumberRunner@3277e499]" started-at="2024-02-27T15:32:48 EST" name="runScenario" description="Runs Cucumber Scenarios" data-provider="scenarios" finished-at="2024-02-27T15:33:00 EST" duration-ms="11969" status="PASS">
          <params>
            <param index="0">
              <value>
                <![CDATA["To validate if user successfully running the python code in all Tree Pages"]]>
              </value>
            </param>
            <param index="1">
              <value>
                <![CDATA["Ds_algo project-Tree functionality"]]>
              </value>
            </param>
          </params>
          <reporter-output>
          </reporter-output>
        </test-method> <!-- runScenario -->
        <test-method signature="runScenario(io.cucumber.testng.PickleWrapper,io.cucumber.testng.FeatureWrapper)[pri:0, instance:runner.CucumberRunner@3277e499]" started-at="2024-02-27T15:32:53 EST" name="runScenario" description="Runs Cucumber Scenarios" data-provider="scenarios" finished-at="2024-02-27T15:33:03 EST" duration-ms="9874" status="PASS">
          <params>
            <param index="0">
              <value>
                <![CDATA["To validate if user successfully running the python code in all Tree Pages"]]>
              </value>
            </param>
            <param index="1">
              <value>
                <![CDATA["Ds_algo project-Tree functionality"]]>
              </value>
            </param>
          </params>
          <reporter-output>
          </reporter-output>
        </test-method> <!-- runScenario -->
        <test-method signature="runScenario(io.cucumber.testng.PickleWrapper,io.cucumber.testng.FeatureWrapper)[pri:0, instance:runner.CucumberRunner@3277e499]" started-at="2024-02-27T15:32:57 EST" name="runScenario" description="Runs Cucumber Scenarios" data-provider="scenarios" finished-at="2024-02-27T15:33:04 EST" duration-ms="7628" status="PASS">
          <params>
            <param index="0">
              <value>
                <![CDATA["To validate if user successfully running the python code in all Tree Pages"]]>
              </value>
            </param>
            <param index="1">
              <value>
                <![CDATA["Ds_algo project-Tree functionality"]]>
              </value>
            </param>
          </params>
          <reporter-output>
          </reporter-output>
        </test-method> <!-- runScenario -->
        <test-method signature="runScenario(io.cucumber.testng.PickleWrapper,io.cucumber.testng.FeatureWrapper)[pri:0, instance:runner.CucumberRunner@3277e499]" started-at="2024-02-27T15:33:00 EST" name="runScenario" description="Runs Cucumber Scenarios" data-provider="scenarios" finished-at="2024-02-27T15:33:06 EST" duration-ms="6781" status="PASS">
          <params>
            <param index="0">
              <value>
                <![CDATA["To validate if user successfully running the python code in all Tree Pages"]]>
              </value>
            </param>
            <param index="1">
              <value>
                <![CDATA["Ds_algo project-Tree functionality"]]>
              </value>
            </param>
          </params>
          <reporter-output>
          </reporter-output>
        </test-method> <!-- runScenario -->
        <test-method signature="runScenario(io.cucumber.testng.PickleWrapper,io.cucumber.testng.FeatureWrapper)[pri:0, instance:runner.CucumberRunner@3277e499]" started-at="2024-02-27T15:33:00 EST" name="runScenario" description="Runs Cucumber Scenarios" data-provider="scenarios" finished-at="2024-02-27T15:33:07 EST" duration-ms="6863" status="PASS">
          <params>
            <param index="0">
              <value>
                <![CDATA["To validate if user successfully running the python code in all Tree Pages"]]>
              </value>
            </param>
            <param index="1">
              <value>
                <![CDATA["Ds_algo project-Tree functionality"]]>
              </value>
            </param>
          </params>
          <reporter-output>
          </reporter-output>
        </test-method> <!-- runScenario -->
        <test-method is-config="true" signature="tearDownClass()[pri:0, instance:runner.CucumberRunner@3277e499]" started-at="2024-02-27T15:33:16 EST" name="tearDownClass" finished-at="2024-02-27T15:33:16 EST" duration-ms="4" status="PASS">
          <reporter-output>
          </reporter-output>
        </test-method> <!-- tearDownClass -->
      </class> <!-- runner.CucumberRunner -->
    </test> <!-- Edge Test -->
  </suite> <!-- Suite -->
</testng-results>
