<?xml version="1.0" encoding="UTF-8"?>
<!-- Generated by org.testng.reporters.JUnitReportReporter -->
<testsuite hostname="DESKTOP-QPCBQJB" failures="1" tests="150" name="runner.CucumberRunner" time="1948.260" errors="1" timestamp="2024-02-27T15:33:16 EST" skipped="0">
  <testcase classname="runner.CucumberRunner" name="runScenario" time="11.441"/>
  <testcase classname="runner.CucumberRunner" name="runScenario" time="14.841"/>
  <testcase classname="runner.CucumberRunner" name="runScenario" time="11.883"/>
  <testcase classname="runner.CucumberRunner" name="runScenario" time="6.863"/>
  <testcase classname="runner.CucumberRunner" name="runScenario" time="11.855"/>
  <testcase classname="runner.CucumberRunner" name="runScenario" time="10.929"/>
  <testcase classname="runner.CucumberRunner" name="runScenario" time="12.433"/>
  <testcase classname="runner.CucumberRunner" name="runScenario" time="11.799"/>
  <testcase classname="runner.CucumberRunner" name="runScenario" time="12.637"/>
  <testcase classname="runner.CucumberRunner" name="runScenario" time="12.643"/>
  <testcase classname="runner.CucumberRunner" name="runScenario" time="11.512"/>
  <testcase classname="runner.CucumberRunner" name="runScenario" time="59.023">
    <error message="no such element: Unable to locate element: {&quot;method&quot;:&quot;xpath&quot;,&quot;selector&quot;:&quot;//a[normalize-space()=&#039;Sign out&#039;]&quot;}
  (Session info: edge-headless-shell=122.0.2365.52)
For documentation on this error, please visit: https://www.selenium.dev/documentation/webdriver/troubleshooting/errors#no-such-element-exception
Build info: version: &#039;4.15.0&#039;, revision: &#039;1d14b5521b&#039;
System info: os.name: &#039;Windows 11&#039;, os.arch: &#039;amd64&#039;, os.version: &#039;10.0&#039;, java.version: &#039;21.0.1&#039;
Driver info: org.openqa.selenium.edge.EdgeDriver
Command: [79d7e081af497b11a5639c3d86ac071b, findElement {using=xpath, value=//a[normalize-space()=&#039;Sign out&#039;]}]
Capabilities {acceptInsecureCerts: false, browserName: edge-headless-shell, browserVersion: 122.0.2365.52, fedcm:accounts: true, ms:edgeOptions: {debuggerAddress: localhost:62245}, msedge: {msedgedriverVersion: 122.0.2365.52 (dcf246d1e496..., userDataDir: C:\Users\nsatc\AppData\Loca...}, networkConnectionEnabled: false, pageLoadStrategy: normal, platformName: windows, proxy: Proxy(), se:cdp: ws://localhost:62245/devtoo..., se:cdpVersion: 122.0.2365.52, setWindowRect: true, strictFileInteractability: false, timeouts: {implicit: 0, pageLoad: 300000, script: 30000}, unhandledPromptBehavior: dismiss and notify, webauthn:extension:credBlob: true, webauthn:extension:largeBlob: true, webauthn:extension:minPinLength: true, webauthn:extension:prf: true, webauthn:virtualAuthenticators: true}
Session ID: 79d7e081af497b11a5639c3d86ac071b" type="org.openqa.selenium.NoSuchElementException">
      <![CDATA[org.openqa.selenium.NoSuchElementException: no such element: Unable to locate element: {"method":"xpath","selector":"//a[normalize-space()='Sign out']"}
  (Session info: edge-headless-shell=122.0.2365.52)
For documentation on this error, please visit: https://www.selenium.dev/documentation/webdriver/troubleshooting/errors#no-such-element-exception
Build info: version: '4.15.0', revision: '1d14b5521b'
System info: os.name: 'Windows 11', os.arch: 'amd64', os.version: '10.0', java.version: '21.0.1'
Driver info: org.openqa.selenium.edge.EdgeDriver
Command: [79d7e081af497b11a5639c3d86ac071b, findElement {using=xpath, value=//a[normalize-space()='Sign out']}]
Capabilities {acceptInsecureCerts: false, browserName: edge-headless-shell, browserVersion: 122.0.2365.52, fedcm:accounts: true, ms:edgeOptions: {debuggerAddress: localhost:62245}, msedge: {msedgedriverVersion: 122.0.2365.52 (dcf246d1e496..., userDataDir: C:\Users\nsatc\AppData\Loca...}, networkConnectionEnabled: false, pageLoadStrategy: normal, platformName: windows, proxy: Proxy(), se:cdp: ws://localhost:62245/devtoo..., se:cdpVersion: 122.0.2365.52, setWindowRect: true, strictFileInteractability: false, timeouts: {implicit: 0, pageLoad: 300000, script: 30000}, unhandledPromptBehavior: dismiss and notify, webauthn:extension:credBlob: true, webauthn:extension:largeBlob: true, webauthn:extension:minPinLength: true, webauthn:extension:prf: true, webauthn:virtualAuthenticators: true}
Session ID: 79d7e081af497b11a5639c3d86ac071b
at java.base/jdk.internal.reflect.DirectConstructorHandleAccessor.newInstance(DirectConstructorHandleAccessor.java:62)
at java.base/java.lang.reflect.Constructor.newInstanceWithCaller(Constructor.java:502)
at java.base/java.lang.reflect.Constructor.newInstance(Constructor.java:486)
at org.openqa.selenium.remote.codec.w3c.W3CHttpResponseCodec.createException(W3CHttpResponseCodec.java:200)
at org.openqa.selenium.remote.codec.w3c.W3CHttpResponseCodec.decode(W3CHttpResponseCodec.java:133)
at org.openqa.selenium.remote.codec.w3c.W3CHttpResponseCodec.decode(W3CHttpResponseCodec.java:52)
at org.openqa.selenium.remote.HttpCommandExecutor.execute(HttpCommandExecutor.java:191)
at org.openqa.selenium.remote.service.DriverCommandExecutor.invokeExecute(DriverCommandExecutor.java:200)
at org.openqa.selenium.remote.service.DriverCommandExecutor.execute(DriverCommandExecutor.java:175)
at org.openqa.selenium.remote.RemoteWebDriver.execute(RemoteWebDriver.java:607)
at org.openqa.selenium.remote.ElementLocation$ElementFinder$2.findElement(ElementLocation.java:165)
at org.openqa.selenium.remote.ElementLocation.findElement(ElementLocation.java:59)
at org.openqa.selenium.remote.RemoteWebDriver.findElement(RemoteWebDriver.java:364)
at org.openqa.selenium.remote.RemoteWebDriver.findElement(RemoteWebDriver.java:358)
at org.openqa.selenium.support.pagefactory.DefaultElementLocator.findElement(DefaultElementLocator.java:68)
at org.openqa.selenium.support.pagefactory.internal.LocatingElementHandler.invoke(LocatingElementHandler.java:38)
at jdk.proxy2/jdk.proxy2.$Proxy31.isDisplayed(Unknown Source)
at stepDefinitions.RegisterPageDefinitions.the_user_entering_details(RegisterPageDefinitions.java:64)
at ✽.the user newly registered(file:///C:/Menaka/Selenium%20Testing/DsAlgoCucumberProject/src/test/resources/features/RegisterPage.feature:11)
]]>
    </error>
  </testcase> <!-- runScenario -->
  <testcase classname="runner.CucumberRunner" name="runScenario" time="13.423"/>
  <testcase classname="runner.CucumberRunner" name="runScenario" time="10.604"/>
  <testcase classname="runner.CucumberRunner" name="runScenario" time="15.946"/>
  <testcase classname="runner.CucumberRunner" name="runScenario" time="24.032"/>
  <testcase classname="runner.CucumberRunner" name="runScenario" time="15.140"/>
  <testcase classname="runner.CucumberRunner" name="runScenario" time="8.426"/>
  <testcase classname="runner.CucumberRunner" name="runScenario" time="13.324"/>
  <testcase classname="runner.CucumberRunner" name="runScenario" time="14.384"/>
  <testcase classname="runner.CucumberRunner" name="runScenario" time="13.470"/>
  <testcase classname="runner.CucumberRunner" name="runScenario" time="10.844"/>
  <testcase classname="runner.CucumberRunner" name="runScenario" time="12.597"/>
  <testcase classname="runner.CucumberRunner" name="runScenario" time="12.566"/>
  <testcase classname="runner.CucumberRunner" name="runScenario" time="17.862"/>
  <testcase classname="runner.CucumberRunner" name="runScenario" time="14.342"/>
  <testcase classname="runner.CucumberRunner" name="runScenario" time="23.267"/>
  <testcase classname="runner.CucumberRunner" name="runScenario" time="13.288"/>
  <testcase classname="runner.CucumberRunner" name="runScenario" time="13.528"/>
  <testcase classname="runner.CucumberRunner" name="runScenario" time="13.191"/>
  <testcase classname="runner.CucumberRunner" name="runScenario" time="17.738"/>
  <testcase classname="runner.CucumberRunner" name="runScenario" time="17.516"/>
  <testcase classname="runner.CucumberRunner" name="runScenario" time="13.286"/>
  <testcase classname="runner.CucumberRunner" name="runScenario" time="13.476"/>
  <testcase classname="runner.CucumberRunner" name="runScenario" time="6.781"/>
  <testcase classname="runner.CucumberRunner" name="runScenario" time="16.165"/>
  <testcase classname="runner.CucumberRunner" name="runScenario" time="12.091"/>
  <testcase classname="runner.CucumberRunner" name="runScenario" time="9.783"/>
  <testcase classname="runner.CucumberRunner" name="runScenario" time="14.118"/>
  <testcase classname="runner.CucumberRunner" name="runScenario" time="10.493"/>
  <testcase classname="runner.CucumberRunner" name="runScenario" time="11.291"/>
  <testcase classname="runner.CucumberRunner" name="runScenario" time="11.813"/>
  <testcase classname="runner.CucumberRunner" name="runScenario" time="9.931"/>
  <testcase classname="runner.CucumberRunner" name="runScenario" time="13.426"/>
  <testcase classname="runner.CucumberRunner" name="runScenario" time="12.661"/>
  <testcase classname="runner.CucumberRunner" name="runScenario" time="23.622"/>
  <testcase classname="runner.CucumberRunner" name="runScenario" time="9.918"/>
  <testcase classname="runner.CucumberRunner" name="runScenario" time="9.906"/>
  <testcase classname="runner.CucumberRunner" name="runScenario" time="12.632"/>
  <testcase classname="runner.CucumberRunner" name="runScenario" time="13.882"/>
  <testcase classname="runner.CucumberRunner" name="runScenario" time="13.427"/>
  <testcase classname="runner.CucumberRunner" name="runScenario" time="14.846"/>
  <testcase classname="runner.CucumberRunner" name="runScenario" time="23.622"/>
  <testcase classname="runner.CucumberRunner" name="runScenario" time="13.843"/>
  <testcase classname="runner.CucumberRunner" name="runScenario" time="14.819"/>
  <testcase classname="runner.CucumberRunner" name="runScenario" time="10.844"/>
  <testcase classname="runner.CucumberRunner" name="runScenario" time="11.068"/>
  <testcase classname="runner.CucumberRunner" name="runScenario" time="12.724"/>
  <testcase classname="runner.CucumberRunner" name="runScenario" time="13.065"/>
  <testcase classname="runner.CucumberRunner" name="runScenario" time="12.218"/>
  <testcase classname="runner.CucumberRunner" name="runScenario" time="11.936"/>
  <testcase classname="runner.CucumberRunner" name="runScenario" time="14.143"/>
  <testcase classname="runner.CucumberRunner" name="runScenario" time="24.191"/>
  <testcase classname="runner.CucumberRunner" name="runScenario" time="10.196"/>
  <testcase classname="runner.CucumberRunner" name="runScenario" time="8.020"/>
  <testcase classname="runner.CucumberRunner" name="runScenario" time="10.966"/>
  <testcase classname="runner.CucumberRunner" name="runScenario" time="12.562"/>
  <testcase classname="runner.CucumberRunner" name="runScenario" time="17.083"/>
  <testcase classname="runner.CucumberRunner" name="runScenario" time="12.086"/>
  <testcase classname="runner.CucumberRunner" name="runScenario" time="8.193"/>
  <testcase classname="runner.CucumberRunner" name="runScenario" time="14.200"/>
  <testcase classname="runner.CucumberRunner" name="runScenario" time="9.874"/>
  <testcase classname="runner.CucumberRunner" name="runScenario" time="11.798">
    <failure message="expected [] but found [Numpy Ninja]" type="java.lang.AssertionError">
      <![CDATA[java.lang.AssertionError: expected [] but found [Numpy Ninja]
at org.testng.Assert.fail(Assert.java:111)
at org.testng.Assert.failNotEquals(Assert.java:1578)
at org.testng.Assert.assertEqualsImpl(Assert.java:150)
at org.testng.Assert.assertEquals(Assert.java:132)
at org.testng.Assert.assertEquals(Assert.java:656)
at org.testng.Assert.assertEquals(Assert.java:666)
at stepDefinitions.HomePageDefinitions.LaunchNavigate_to_Homepage(HomePageDefinitions.java:32)
at ✽.Launch the Portal Page(file:///C:/Menaka/Selenium%20Testing/DsAlgoCucumberProject/src/test/resources/features/TreePage.feature:5)
]]>
    </failure>
  </testcase> <!-- runScenario -->
  <testcase classname="runner.CucumberRunner" name="runScenario" time="7.628"/>
  <testcase classname="runner.CucumberRunner" name="runScenario" time="12.560"/>
  <testcase classname="runner.CucumberRunner" name="runScenario" time="13.108"/>
  <testcase classname="runner.CucumberRunner" name="runScenario" time="13.990"/>
  <testcase classname="runner.CucumberRunner" name="runScenario" time="14.094"/>
  <testcase classname="runner.CucumberRunner" name="runScenario" time="10.474"/>
  <testcase classname="runner.CucumberRunner" name="runScenario" time="6.437"/>
  <testcase classname="runner.CucumberRunner" name="runScenario" time="11.681"/>
  <testcase classname="runner.CucumberRunner" name="runScenario" time="12.216"/>
  <testcase classname="runner.CucumberRunner" name="runScenario" time="14.526"/>
  <testcase classname="runner.CucumberRunner" name="runScenario" time="11.839"/>
  <testcase classname="runner.CucumberRunner" name="runScenario" time="13.710"/>
  <testcase classname="runner.CucumberRunner" name="runScenario" time="13.476"/>
  <testcase classname="runner.CucumberRunner" name="runScenario" time="7.763"/>
  <testcase classname="runner.CucumberRunner" name="runScenario" time="17.987"/>
  <testcase classname="runner.CucumberRunner" name="runScenario" time="13.332"/>
  <testcase classname="runner.CucumberRunner" name="runScenario" time="13.661"/>
  <testcase classname="runner.CucumberRunner" name="runScenario" time="13.465"/>
  <testcase classname="runner.CucumberRunner" name="runScenario" time="7.623"/>
  <testcase classname="runner.CucumberRunner" name="runScenario" time="12.186"/>
  <testcase classname="runner.CucumberRunner" name="runScenario" time="12.180"/>
  <testcase classname="runner.CucumberRunner" name="runScenario" time="14.966"/>
  <testcase classname="runner.CucumberRunner" name="runScenario" time="11.191"/>
  <testcase classname="runner.CucumberRunner" name="runScenario" time="9.914"/>
  <testcase classname="runner.CucumberRunner" name="runScenario" time="13.340"/>
  <testcase classname="runner.CucumberRunner" name="runScenario" time="11.746"/>
  <testcase classname="runner.CucumberRunner" name="runScenario" time="11.661"/>
  <testcase classname="runner.CucumberRunner" name="runScenario" time="12.499"/>
  <testcase classname="runner.CucumberRunner" name="runScenario" time="12.950"/>
  <testcase classname="runner.CucumberRunner" name="runScenario" time="11.270"/>
  <testcase classname="runner.CucumberRunner" name="runScenario" time="12.304"/>
  <testcase classname="runner.CucumberRunner" name="runScenario" time="13.649"/>
  <testcase classname="runner.CucumberRunner" name="runScenario" time="8.078"/>
  <testcase classname="runner.CucumberRunner" name="runScenario" time="10.866"/>
  <testcase classname="runner.CucumberRunner" name="runScenario" time="11.642"/>
  <testcase classname="runner.CucumberRunner" name="runScenario" time="8.767"/>
  <testcase classname="runner.CucumberRunner" name="runScenario" time="11.293"/>
  <testcase classname="runner.CucumberRunner" name="runScenario" time="9.796"/>
  <testcase classname="runner.CucumberRunner" name="runScenario" time="10.232"/>
  <testcase classname="runner.CucumberRunner" name="runScenario" time="13.522"/>
  <testcase classname="runner.CucumberRunner" name="runScenario" time="12.053"/>
  <testcase classname="runner.CucumberRunner" name="runScenario" time="17.438"/>
  <testcase classname="runner.CucumberRunner" name="runScenario" time="11.711"/>
  <testcase classname="runner.CucumberRunner" name="runScenario" time="12.326"/>
  <testcase classname="runner.CucumberRunner" name="runScenario" time="6.229"/>
  <testcase classname="runner.CucumberRunner" name="runScenario" time="6.324"/>
  <testcase classname="runner.CucumberRunner" name="runScenario" time="9.363"/>
  <testcase classname="runner.CucumberRunner" name="runScenario" time="9.293"/>
  <testcase classname="runner.CucumberRunner" name="runScenario" time="25.775"/>
  <testcase classname="runner.CucumberRunner" name="runScenario" time="10.262"/>
  <testcase classname="runner.CucumberRunner" name="runScenario" time="10.317"/>
  <testcase classname="runner.CucumberRunner" name="runScenario" time="23.362"/>
  <testcase classname="runner.CucumberRunner" name="runScenario" time="22.957"/>
  <testcase classname="runner.CucumberRunner" name="runScenario" time="13.870"/>
  <testcase classname="runner.CucumberRunner" name="runScenario" time="12.261"/>
  <testcase classname="runner.CucumberRunner" name="runScenario" time="11.969"/>
  <testcase classname="runner.CucumberRunner" name="runScenario" time="11.309"/>
  <testcase classname="runner.CucumberRunner" name="runScenario" time="10.821"/>
  <testcase classname="runner.CucumberRunner" name="runScenario" time="23.894"/>
  <testcase classname="runner.CucumberRunner" name="runScenario" time="6.466"/>
  <testcase classname="runner.CucumberRunner" name="runScenario" time="10.631"/>
  <testcase classname="runner.CucumberRunner" name="runScenario" time="5.826"/>
  <testcase classname="runner.CucumberRunner" name="runScenario" time="11.200"/>
  <testcase classname="runner.CucumberRunner" name="runScenario" time="9.203"/>
  <testcase classname="runner.CucumberRunner" name="runScenario" time="11.496"/>
  <testcase classname="runner.CucumberRunner" name="runScenario" time="7.950"/>
  <testcase classname="runner.CucumberRunner" name="runScenario" time="11.703"/>
  <testcase classname="runner.CucumberRunner" name="runScenario" time="8.458"/>
  <testcase classname="runner.CucumberRunner" name="runScenario" time="17.221"/>
  <testcase classname="runner.CucumberRunner" name="runScenario" time="8.775"/>
  <testcase classname="runner.CucumberRunner" name="runScenario" time="11.861"/>
  <testcase classname="runner.CucumberRunner" name="runScenario" time="10.307"/>
  <testcase classname="runner.CucumberRunner" name="runScenario" time="22.957"/>
  <testcase classname="runner.CucumberRunner" name="runScenario" time="12.814"/>
  <testcase classname="runner.CucumberRunner" name="runScenario" time="11.716"/>
  <testcase classname="runner.CucumberRunner" name="runScenario" time="10.241"/>
  <testcase classname="runner.CucumberRunner" name="runScenario" time="9.933"/>
</testsuite> <!-- runner.CucumberRunner -->
